--------------------
./configure
Tue May 12 15:49:51 CEST 2026
=== ztest36968.c ===
extern int getchar();
int hello() {return getchar();}
===
/Users/willemdrijver/ApolloCrossDev/Compilers/GCC-6.50-Latest/bin/m68k-amigaos-gcc -c ztest36968.c
... using gcc

Checking for compiler...
=== ztest36968.c ===
int foo() { return 0; }
===
/Users/willemdrijver/ApolloCrossDev/Compilers/GCC-6.50-Latest/bin/m68k-amigaos-gcc -c ztest36968.c
Checking for obsessive-compulsive compiler options...
=== ztest36968.c ===
int foo() { return 0; }
===
/Users/willemdrijver/ApolloCrossDev/Compilers/GCC-6.50-Latest/bin/m68k-amigaos-gcc -c -noixemul -m68040 -O2 -ffast-math -fomit-frame-pointer -fPIC ztest36968.c

Checking for shared library support...
=== ztest36968.c ===
extern int getchar();
int hello() {return getchar();}
===
/Users/willemdrijver/ApolloCrossDev/Compilers/GCC-6.50-Latest/bin/m68k-amigaos-gcc -c -noixemul -m68040 -O2 -ffast-math -fomit-frame-pointer -fPIC ztest36968.c
/var/folders/3g/3mv1l9q16_9f_09svlx0lrhr0000gn/T//ccc8gRII.s: Assembler messages:
/var/folders/3g/3mv1l9q16_9f_09svlx0lrhr0000gn/T//ccc8gRII.s:6: Error: syntax error -- statement `bra.l _getchar@PLTPC' ignored
(exit code 1)
No shared library support; try without defining CC and CFLAGS
Building static library libz.a version 1.3.2 with /Users/willemdrijver/ApolloCrossDev/Compilers/GCC-6.50-Latest/bin/m68k-amigaos-gcc.

=== ztest36968.c ===
#include <stdio.h>
#include <stdlib.h>
size_t dummy = 0;
===
/Users/willemdrijver/ApolloCrossDev/Compilers/GCC-6.50-Latest/bin/m68k-amigaos-gcc -c -noixemul -m68040 -O2 -ffast-math -fomit-frame-pointer -fPIC ztest36968.c
Checking for size_t... Yes.

=== ztest36968.c ===
#include <sys/types.h>
off64_t dummy = 0;
===
/Users/willemdrijver/ApolloCrossDev/Compilers/GCC-6.50-Latest/bin/m68k-amigaos-gcc -c -noixemul -m68040 -O2 -ffast-math -fomit-frame-pointer -fPIC -D_LARGEFILE64_SOURCE=1 ztest36968.c
ztest36968.c:2:1: error: unknown type name 'off64_t'
 off64_t dummy = 0;
 ^~~~~~~
(exit code 1)
Checking for off64_t... No.

=== ztest36968.c ===
#include <stdio.h>
int main(void) {
  fseeko(NULL, 0, 0);
  return 0;
}
===
/Users/willemdrijver/ApolloCrossDev/Compilers/GCC-6.50-Latest/bin/m68k-amigaos-gcc -noixemul -m68040 -O2 -ffast-math -fomit-frame-pointer -fPIC -o ztest36968 ztest36968.c
ztest36968.c: In function 'main':
ztest36968.c:3:3: warning: implicit declaration of function 'fseeko' [-Wimplicit-function-declaration]
   fseeko(NULL, 0, 0);
   ^~~~~~
/var/folders/3g/3mv1l9q16_9f_09svlx0lrhr0000gn/T//ccyRhW1x.s: Assembler messages:
/var/folders/3g/3mv1l9q16_9f_09svlx0lrhr0000gn/T//ccyRhW1x.s:9: Error: syntax error -- statement `bsr.l _fseeko@PLTPC' ignored
(exit code 1)
Checking for fseeko... No.

=== ztest36968.c ===
#include <string.h>
#include <errno.h>
int main() { return strlen(strerror(errno)); }
===
/Users/willemdrijver/ApolloCrossDev/Compilers/GCC-6.50-Latest/bin/m68k-amigaos-gcc -noixemul -m68040 -O2 -ffast-math -fomit-frame-pointer -fPIC -DNO_FSEEKO -o ztest36968 ztest36968.c
/var/folders/3g/3mv1l9q16_9f_09svlx0lrhr0000gn/T//ccfI0zOL.s: Assembler messages:
/var/folders/3g/3mv1l9q16_9f_09svlx0lrhr0000gn/T//ccfI0zOL.s:8: Error: syntax error -- statement `bsr.l _strerror@PLTPC' ignored
(exit code 1)
Checking for strerror... No.

=== ztest36968.c ===
#include <unistd.h>
int main() { return 0; }
===
/Users/willemdrijver/ApolloCrossDev/Compilers/GCC-6.50-Latest/bin/m68k-amigaos-gcc -c -noixemul -m68040 -O2 -ffast-math -fomit-frame-pointer -fPIC -DNO_FSEEKO -DNO_STRERROR ztest36968.c
Checking for unistd.h... Yes.

=== ztest36968.c ===
#include <stdarg.h>
int main() { return 0; }
===
/Users/willemdrijver/ApolloCrossDev/Compilers/GCC-6.50-Latest/bin/m68k-amigaos-gcc -c -noixemul -m68040 -O2 -ffast-math -fomit-frame-pointer -fPIC -DNO_FSEEKO -DNO_STRERROR ztest36968.c
Checking for stdarg.h... Yes.

=== ztest36968.c ===
#include <stdio.h>
#include <stdarg.h>
#include "zconf.h"
int main()
{
#ifndef STDC
  choke me
#endif
  return 0;
}
===
/Users/willemdrijver/ApolloCrossDev/Compilers/GCC-6.50-Latest/bin/m68k-amigaos-gcc -c -noixemul -m68040 -O2 -ffast-math -fomit-frame-pointer -fPIC -DNO_FSEEKO -DNO_STRERROR ztest36968.c
Checking whether to use vs[n]printf() or s[n]printf()... using vs[n]printf().

=== ztest36968.c ===
#include <stdio.h>
#include <stdarg.h>
int mytest(const char *fmt, ...)
{
  char buf[20];
  va_list ap;
  va_start(ap, fmt);
  vsnprintf(buf, sizeof(buf), fmt, ap);
  va_end(ap);
  return 0;
}
int main()
{
  return (mytest("Hello%d\n", 1));
}
===
/Users/willemdrijver/ApolloCrossDev/Compilers/GCC-6.50-Latest/bin/m68k-amigaos-gcc -noixemul -m68040 -O2 -ffast-math -fomit-frame-pointer -fPIC -DNO_FSEEKO -DNO_STRERROR -o ztest36968 ztest36968.c
/var/folders/3g/3mv1l9q16_9f_09svlx0lrhr0000gn/T//cc08jUGd.s: Assembler messages:
/var/folders/3g/3mv1l9q16_9f_09svlx0lrhr0000gn/T//cc08jUGd.s:11: Error: syntax error -- statement `bsr.l _vsnprintf@PLTPC' ignored
/var/folders/3g/3mv1l9q16_9f_09svlx0lrhr0000gn/T//cc08jUGd.s:22: Error: syntax error -- statement `lea (%pc, _GLOBAL_OFFSET_TABLE_@GOTPC), a4' ignored
/var/folders/3g/3mv1l9q16_9f_09svlx0lrhr0000gn/T//cc08jUGd.s:25: Error: syntax error -- statement `bsr.l _mytest@PLTPC' ignored
(exit code 1)
Checking for vsnprintf() in stdio.h... No.
  WARNING: vsnprintf() not found, falling back to vsprintf(). zlib
  can build but will be open to possible buffer-overflow security
  vulnerabilities.
  The --insecure option must be provided to ./configure in order to
  compile using the insecure vsprintf() function.

=== ztest36968.c ===
#include <stdio.h>
#include <stdarg.h>
int mytest(const char *fmt, ...)
{
  int n;
  char buf[20];
  va_list ap;
  va_start(ap, fmt);
  n = vsprintf(buf, fmt, ap);
  va_end(ap);
  return n;
}
int main()
{
  return (mytest("Hello%d\n", 1));
}
===
/Users/willemdrijver/ApolloCrossDev/Compilers/GCC-6.50-Latest/bin/m68k-amigaos-gcc -c -noixemul -m68040 -O2 -ffast-math -fomit-frame-pointer -fPIC -DNO_FSEEKO -DNO_STRERROR -DNO_vsnprintf ztest36968.c
/var/folders/3g/3mv1l9q16_9f_09svlx0lrhr0000gn/T//ccAj2YX9.s: Assembler messages:
/var/folders/3g/3mv1l9q16_9f_09svlx0lrhr0000gn/T//ccAj2YX9.s:10: Error: syntax error -- statement `bsr.l _vsprintf@PLTPC' ignored
/var/folders/3g/3mv1l9q16_9f_09svlx0lrhr0000gn/T//ccAj2YX9.s:20: Error: syntax error -- statement `lea (%pc, _GLOBAL_OFFSET_TABLE_@GOTPC), a4' ignored
/var/folders/3g/3mv1l9q16_9f_09svlx0lrhr0000gn/T//ccAj2YX9.s:23: Error: syntax error -- statement `bsr.l _mytest@PLTPC' ignored
(exit code 1)
Checking for return value of vsprintf()... No.
  WARNING: apparently vsprintf() does not return a value. zlib
  can build but will be open to possible string-format security
  vulnerabilities.

=== ztest36968.c ===
#define ZLIB_INTERNAL __attribute__((visibility ("hidden")))
int ZLIB_INTERNAL foo;
int main()
{
  return 0;
}
===
/Users/willemdrijver/ApolloCrossDev/Compilers/GCC-6.50-Latest/bin/m68k-amigaos-gcc -c -noixemul -m68040 -O2 -ffast-math -fomit-frame-pointer -fPIC -DNO_FSEEKO -DNO_STRERROR -DNO_vsnprintf -DHAS_vsprintf_void ztest36968.c
Checking for attribute(visibility) support... Yes.
=== ztest36968.c ===
#ifndef __s390x__
    #error
#endif
===
/Users/willemdrijver/ApolloCrossDev/Compilers/GCC-6.50-Latest/bin/m68k-amigaos-gcc -c -noixemul -m68040 -O2 -ffast-math -fomit-frame-pointer -fPIC -DNO_FSEEKO -DNO_STRERROR -DNO_vsnprintf -DHAS_vsprintf_void -DHAVE_HIDDEN ztest36968.c
ztest36968.c:2:6: error: #error 
     #error
      ^~~~~
(exit code 1)
Checking for s390x build ... No.

ALL = static
AR = libtool
ARFLAGS = -o
CC = /Users/willemdrijver/ApolloCrossDev/Compilers/GCC-6.50-Latest/bin/m68k-amigaos-gcc
CFLAGS = -noixemul -m68040 -O2 -ffast-math -fomit-frame-pointer -fPIC -DNO_FSEEKO -DNO_STRERROR -DNO_vsnprintf -DHAS_vsprintf_void -DHAVE_HIDDEN
CPP =
EXE =
LDCONFIG = ldconfig
LDFLAGS =
LDSHARED = /Users/willemdrijver/ApolloCrossDev/Compilers/GCC-6.50-Latest/bin/m68k-amigaos-gcc
LDSHAREDLIBC = -lc
OBJC = $(OBJZ) $(OBJG)
PIC_OBJC = $(PIC_OBJZ) $(PIC_OBJG)
RANLIB = CC=/Users/willemdrijver/ApolloCrossDev/Compilers/GCC-6.50-Latest/bin/m68k-amigaos-ranlib
SFLAGS = -noixemul -m68040 -O2 -ffast-math -fomit-frame-pointer -fPIC -DNO_FSEEKO -DNO_STRERROR -DNO_vsnprintf -DHAS_vsprintf_void -DHAVE_HIDDEN
SHAREDLIB =
SHAREDLIBM =
SHAREDLIBV =
STATICLIB = libz.a
TEST = all teststatic
VER = 1.3.2
SRCDIR =
exec_prefix = ${prefix}
includedir = ${prefix}/include
libdir = ${exec_prefix}/lib
mandir = ${prefix}/share/man
prefix = /usr/local
sharedlibdir = ${libdir}
uname = Darwin
HAVE_S390X = 0
HAVE_S390X_VX = 0
VGFMAFLAG =
--------------------


--------------------
./configure
Tue May 12 15:51:15 CEST 2026
=== ztest38427.c ===
extern int getchar();
int hello() {return getchar();}
===
/Users/willemdrijver/ApolloCrossDev/Compilers/GCC-6.50-Latest/bin/m68k-amigaos-gcc -c ztest38427.c
... using gcc

Checking for compiler...
=== ztest38427.c ===
int foo() { return 0; }
===
/Users/willemdrijver/ApolloCrossDev/Compilers/GCC-6.50-Latest/bin/m68k-amigaos-gcc -c ztest38427.c
Checking for obsessive-compulsive compiler options...
=== ztest38427.c ===
int foo() { return 0; }
===
/Users/willemdrijver/ApolloCrossDev/Compilers/GCC-6.50-Latest/bin/m68k-amigaos-gcc -c -noixemul -m68040 -O2 -ffast-math -fomit-frame-pointer -fPIC ztest38427.c

Checking for shared library support...
=== ztest38427.c ===
extern int getchar();
int hello() {return getchar();}
===
/Users/willemdrijver/ApolloCrossDev/Compilers/GCC-6.50-Latest/bin/m68k-amigaos-gcc -c -noixemul -m68040 -O2 -ffast-math -fomit-frame-pointer -fPIC ztest38427.c
/var/folders/3g/3mv1l9q16_9f_09svlx0lrhr0000gn/T//cctq6byp.s: Assembler messages:
/var/folders/3g/3mv1l9q16_9f_09svlx0lrhr0000gn/T//cctq6byp.s:6: Error: syntax error -- statement `bra.l _getchar@PLTPC' ignored
(exit code 1)
No shared library support; try without defining CC and CFLAGS
Building static library libz.a version 1.3.2 with /Users/willemdrijver/ApolloCrossDev/Compilers/GCC-6.50-Latest/bin/m68k-amigaos-gcc.

=== ztest38427.c ===
#include <stdio.h>
#include <stdlib.h>
size_t dummy = 0;
===
/Users/willemdrijver/ApolloCrossDev/Compilers/GCC-6.50-Latest/bin/m68k-amigaos-gcc -c -noixemul -m68040 -O2 -ffast-math -fomit-frame-pointer -fPIC ztest38427.c
Checking for size_t... Yes.

=== ztest38427.c ===
#include <sys/types.h>
off64_t dummy = 0;
===
/Users/willemdrijver/ApolloCrossDev/Compilers/GCC-6.50-Latest/bin/m68k-amigaos-gcc -c -noixemul -m68040 -O2 -ffast-math -fomit-frame-pointer -fPIC -D_LARGEFILE64_SOURCE=1 ztest38427.c
ztest38427.c:2:1: error: unknown type name 'off64_t'
 off64_t dummy = 0;
 ^~~~~~~
(exit code 1)
Checking for off64_t... No.

=== ztest38427.c ===
#include <stdio.h>
int main(void) {
  fseeko(NULL, 0, 0);
  return 0;
}
===
/Users/willemdrijver/ApolloCrossDev/Compilers/GCC-6.50-Latest/bin/m68k-amigaos-gcc -noixemul -m68040 -O2 -ffast-math -fomit-frame-pointer -fPIC -o ztest38427 ztest38427.c
ztest38427.c: In function 'main':
ztest38427.c:3:3: warning: implicit declaration of function 'fseeko' [-Wimplicit-function-declaration]
   fseeko(NULL, 0, 0);
   ^~~~~~
/var/folders/3g/3mv1l9q16_9f_09svlx0lrhr0000gn/T//ccb3q0XM.s: Assembler messages:
/var/folders/3g/3mv1l9q16_9f_09svlx0lrhr0000gn/T//ccb3q0XM.s:9: Error: syntax error -- statement `bsr.l _fseeko@PLTPC' ignored
(exit code 1)
Checking for fseeko... No.

=== ztest38427.c ===
#include <string.h>
#include <errno.h>
int main() { return strlen(strerror(errno)); }
===
/Users/willemdrijver/ApolloCrossDev/Compilers/GCC-6.50-Latest/bin/m68k-amigaos-gcc -noixemul -m68040 -O2 -ffast-math -fomit-frame-pointer -fPIC -DNO_FSEEKO -o ztest38427 ztest38427.c
/var/folders/3g/3mv1l9q16_9f_09svlx0lrhr0000gn/T//ccfhO4pp.s: Assembler messages:
/var/folders/3g/3mv1l9q16_9f_09svlx0lrhr0000gn/T//ccfhO4pp.s:8: Error: syntax error -- statement `bsr.l _strerror@PLTPC' ignored
(exit code 1)
Checking for strerror... No.

=== ztest38427.c ===
#include <unistd.h>
int main() { return 0; }
===
/Users/willemdrijver/ApolloCrossDev/Compilers/GCC-6.50-Latest/bin/m68k-amigaos-gcc -c -noixemul -m68040 -O2 -ffast-math -fomit-frame-pointer -fPIC -DNO_FSEEKO -DNO_STRERROR ztest38427.c
Checking for unistd.h... Yes.

=== ztest38427.c ===
#include <stdarg.h>
int main() { return 0; }
===
/Users/willemdrijver/ApolloCrossDev/Compilers/GCC-6.50-Latest/bin/m68k-amigaos-gcc -c -noixemul -m68040 -O2 -ffast-math -fomit-frame-pointer -fPIC -DNO_FSEEKO -DNO_STRERROR ztest38427.c
Checking for stdarg.h... Yes.

=== ztest38427.c ===
#include <stdio.h>
#include <stdarg.h>
#include "zconf.h"
int main()
{
#ifndef STDC
  choke me
#endif
  return 0;
}
===
/Users/willemdrijver/ApolloCrossDev/Compilers/GCC-6.50-Latest/bin/m68k-amigaos-gcc -c -noixemul -m68040 -O2 -ffast-math -fomit-frame-pointer -fPIC -DNO_FSEEKO -DNO_STRERROR ztest38427.c
Checking whether to use vs[n]printf() or s[n]printf()... using vs[n]printf().

=== ztest38427.c ===
#include <stdio.h>
#include <stdarg.h>
int mytest(const char *fmt, ...)
{
  char buf[20];
  va_list ap;
  va_start(ap, fmt);
  vsnprintf(buf, sizeof(buf), fmt, ap);
  va_end(ap);
  return 0;
}
int main()
{
  return (mytest("Hello%d\n", 1));
}
===
/Users/willemdrijver/ApolloCrossDev/Compilers/GCC-6.50-Latest/bin/m68k-amigaos-gcc -noixemul -m68040 -O2 -ffast-math -fomit-frame-pointer -fPIC -DNO_FSEEKO -DNO_STRERROR -o ztest38427 ztest38427.c
/var/folders/3g/3mv1l9q16_9f_09svlx0lrhr0000gn/T//cc4mqmfz.s: Assembler messages:
/var/folders/3g/3mv1l9q16_9f_09svlx0lrhr0000gn/T//cc4mqmfz.s:11: Error: syntax error -- statement `bsr.l _vsnprintf@PLTPC' ignored
/var/folders/3g/3mv1l9q16_9f_09svlx0lrhr0000gn/T//cc4mqmfz.s:22: Error: syntax error -- statement `lea (%pc, _GLOBAL_OFFSET_TABLE_@GOTPC), a4' ignored
/var/folders/3g/3mv1l9q16_9f_09svlx0lrhr0000gn/T//cc4mqmfz.s:25: Error: syntax error -- statement `bsr.l _mytest@PLTPC' ignored
(exit code 1)
Checking for vsnprintf() in stdio.h... No.
  WARNING: vsnprintf() not found, falling back to vsprintf(). zlib
  can build but will be open to possible buffer-overflow security
  vulnerabilities.
  The --insecure option must be provided to ./configure in order to
  compile using the insecure vsprintf() function.

=== ztest38427.c ===
#include <stdio.h>
#include <stdarg.h>
int mytest(const char *fmt, ...)
{
  int n;
  char buf[20];
  va_list ap;
  va_start(ap, fmt);
  n = vsprintf(buf, fmt, ap);
  va_end(ap);
  return n;
}
int main()
{
  return (mytest("Hello%d\n", 1));
}
===
/Users/willemdrijver/ApolloCrossDev/Compilers/GCC-6.50-Latest/bin/m68k-amigaos-gcc -c -noixemul -m68040 -O2 -ffast-math -fomit-frame-pointer -fPIC -DNO_FSEEKO -DNO_STRERROR -DNO_vsnprintf ztest38427.c
/var/folders/3g/3mv1l9q16_9f_09svlx0lrhr0000gn/T//ccDVQUXc.s: Assembler messages:
/var/folders/3g/3mv1l9q16_9f_09svlx0lrhr0000gn/T//ccDVQUXc.s:10: Error: syntax error -- statement `bsr.l _vsprintf@PLTPC' ignored
/var/folders/3g/3mv1l9q16_9f_09svlx0lrhr0000gn/T//ccDVQUXc.s:20: Error: syntax error -- statement `lea (%pc, _GLOBAL_OFFSET_TABLE_@GOTPC), a4' ignored
/var/folders/3g/3mv1l9q16_9f_09svlx0lrhr0000gn/T//ccDVQUXc.s:23: Error: syntax error -- statement `bsr.l _mytest@PLTPC' ignored
(exit code 1)
Checking for return value of vsprintf()... No.
  WARNING: apparently vsprintf() does not return a value. zlib
  can build but will be open to possible string-format security
  vulnerabilities.

=== ztest38427.c ===
#define ZLIB_INTERNAL __attribute__((visibility ("hidden")))
int ZLIB_INTERNAL foo;
int main()
{
  return 0;
}
===
/Users/willemdrijver/ApolloCrossDev/Compilers/GCC-6.50-Latest/bin/m68k-amigaos-gcc -c -noixemul -m68040 -O2 -ffast-math -fomit-frame-pointer -fPIC -DNO_FSEEKO -DNO_STRERROR -DNO_vsnprintf -DHAS_vsprintf_void ztest38427.c
Checking for attribute(visibility) support... Yes.
=== ztest38427.c ===
#ifndef __s390x__
    #error
#endif
===
/Users/willemdrijver/ApolloCrossDev/Compilers/GCC-6.50-Latest/bin/m68k-amigaos-gcc -c -noixemul -m68040 -O2 -ffast-math -fomit-frame-pointer -fPIC -DNO_FSEEKO -DNO_STRERROR -DNO_vsnprintf -DHAS_vsprintf_void -DHAVE_HIDDEN ztest38427.c
ztest38427.c:2:6: error: #error 
     #error
      ^~~~~
(exit code 1)
Checking for s390x build ... No.

ALL = static
AR = libtool
ARFLAGS = -o
CC = /Users/willemdrijver/ApolloCrossDev/Compilers/GCC-6.50-Latest/bin/m68k-amigaos-gcc
CFLAGS = -noixemul -m68040 -O2 -ffast-math -fomit-frame-pointer -fPIC -DNO_FSEEKO -DNO_STRERROR -DNO_vsnprintf -DHAS_vsprintf_void -DHAVE_HIDDEN
CPP =
EXE =
LDCONFIG = ldconfig
LDFLAGS =
LDSHARED = /Users/willemdrijver/ApolloCrossDev/Compilers/GCC-6.50-Latest/bin/m68k-amigaos-gcc
LDSHAREDLIBC = -lc
OBJC = $(OBJZ) $(OBJG)
PIC_OBJC = $(PIC_OBJZ) $(PIC_OBJG)
RANLIB = CC=/Users/willemdrijver/ApolloCrossDev/Compilers/GCC-6.50-Latest/bin/m68k-amigaos-ranlib
SFLAGS = -noixemul -m68040 -O2 -ffast-math -fomit-frame-pointer -fPIC -DNO_FSEEKO -DNO_STRERROR -DNO_vsnprintf -DHAS_vsprintf_void -DHAVE_HIDDEN
SHAREDLIB =
SHAREDLIBM =
SHAREDLIBV =
STATICLIB = libz.a
TEST = all teststatic
VER = 1.3.2
SRCDIR =
exec_prefix = ${prefix}
includedir = ${prefix}/include
libdir = ${exec_prefix}/lib
mandir = ${prefix}/share/man
prefix = /usr/local
sharedlibdir = ${libdir}
uname = Darwin
HAVE_S390X = 0
HAVE_S390X_VX = 0
VGFMAFLAG =
--------------------


--------------------
./configure --insecure
Tue May 12 15:52:45 CEST 2026
=== ztest39882.c ===
extern int getchar();
int hello() {return getchar();}
===
/Users/willemdrijver/ApolloCrossDev/Compilers/GCC-6.50-Latest/bin/m68k-amigaos-gcc -c ztest39882.c
... using gcc

Checking for compiler...
=== ztest39882.c ===
int foo() { return 0; }
===
/Users/willemdrijver/ApolloCrossDev/Compilers/GCC-6.50-Latest/bin/m68k-amigaos-gcc -c ztest39882.c
Checking for obsessive-compulsive compiler options...
=== ztest39882.c ===
int foo() { return 0; }
===
/Users/willemdrijver/ApolloCrossDev/Compilers/GCC-6.50-Latest/bin/m68k-amigaos-gcc -c -noixemul -m68040 -O2 -ffast-math -fomit-frame-pointer -fPIC -DZLIB_INSECURE ztest39882.c

Checking for shared library support...
=== ztest39882.c ===
extern int getchar();
int hello() {return getchar();}
===
/Users/willemdrijver/ApolloCrossDev/Compilers/GCC-6.50-Latest/bin/m68k-amigaos-gcc -c -noixemul -m68040 -O2 -ffast-math -fomit-frame-pointer -fPIC -DZLIB_INSECURE ztest39882.c
/var/folders/3g/3mv1l9q16_9f_09svlx0lrhr0000gn/T//ccdrjj5r.s: Assembler messages:
/var/folders/3g/3mv1l9q16_9f_09svlx0lrhr0000gn/T//ccdrjj5r.s:6: Error: syntax error -- statement `bra.l _getchar@PLTPC' ignored
(exit code 1)
No shared library support; try without defining CC and CFLAGS
Building static library libz.a version 1.3.2 with /Users/willemdrijver/ApolloCrossDev/Compilers/GCC-6.50-Latest/bin/m68k-amigaos-gcc.

=== ztest39882.c ===
#include <stdio.h>
#include <stdlib.h>
size_t dummy = 0;
===
/Users/willemdrijver/ApolloCrossDev/Compilers/GCC-6.50-Latest/bin/m68k-amigaos-gcc -c -noixemul -m68040 -O2 -ffast-math -fomit-frame-pointer -fPIC -DZLIB_INSECURE ztest39882.c
Checking for size_t... Yes.

=== ztest39882.c ===
#include <sys/types.h>
off64_t dummy = 0;
===
/Users/willemdrijver/ApolloCrossDev/Compilers/GCC-6.50-Latest/bin/m68k-amigaos-gcc -c -noixemul -m68040 -O2 -ffast-math -fomit-frame-pointer -fPIC -DZLIB_INSECURE -D_LARGEFILE64_SOURCE=1 ztest39882.c
ztest39882.c:2:1: error: unknown type name 'off64_t'
 off64_t dummy = 0;
 ^~~~~~~
(exit code 1)
Checking for off64_t... No.

=== ztest39882.c ===
#include <stdio.h>
int main(void) {
  fseeko(NULL, 0, 0);
  return 0;
}
===
/Users/willemdrijver/ApolloCrossDev/Compilers/GCC-6.50-Latest/bin/m68k-amigaos-gcc -noixemul -m68040 -O2 -ffast-math -fomit-frame-pointer -fPIC -DZLIB_INSECURE -o ztest39882 ztest39882.c
ztest39882.c: In function 'main':
ztest39882.c:3:3: warning: implicit declaration of function 'fseeko' [-Wimplicit-function-declaration]
   fseeko(NULL, 0, 0);
   ^~~~~~
/var/folders/3g/3mv1l9q16_9f_09svlx0lrhr0000gn/T//cc2P8XmQ.s: Assembler messages:
/var/folders/3g/3mv1l9q16_9f_09svlx0lrhr0000gn/T//cc2P8XmQ.s:9: Error: syntax error -- statement `bsr.l _fseeko@PLTPC' ignored
(exit code 1)
Checking for fseeko... No.

=== ztest39882.c ===
#include <string.h>
#include <errno.h>
int main() { return strlen(strerror(errno)); }
===
/Users/willemdrijver/ApolloCrossDev/Compilers/GCC-6.50-Latest/bin/m68k-amigaos-gcc -noixemul -m68040 -O2 -ffast-math -fomit-frame-pointer -fPIC -DZLIB_INSECURE -DNO_FSEEKO -o ztest39882 ztest39882.c
/var/folders/3g/3mv1l9q16_9f_09svlx0lrhr0000gn/T//cc867qF7.s: Assembler messages:
/var/folders/3g/3mv1l9q16_9f_09svlx0lrhr0000gn/T//cc867qF7.s:8: Error: syntax error -- statement `bsr.l _strerror@PLTPC' ignored
(exit code 1)
Checking for strerror... No.

=== ztest39882.c ===
#include <unistd.h>
int main() { return 0; }
===
/Users/willemdrijver/ApolloCrossDev/Compilers/GCC-6.50-Latest/bin/m68k-amigaos-gcc -c -noixemul -m68040 -O2 -ffast-math -fomit-frame-pointer -fPIC -DZLIB_INSECURE -DNO_FSEEKO -DNO_STRERROR ztest39882.c
Checking for unistd.h... Yes.

=== ztest39882.c ===
#include <stdarg.h>
int main() { return 0; }
===
/Users/willemdrijver/ApolloCrossDev/Compilers/GCC-6.50-Latest/bin/m68k-amigaos-gcc -c -noixemul -m68040 -O2 -ffast-math -fomit-frame-pointer -fPIC -DZLIB_INSECURE -DNO_FSEEKO -DNO_STRERROR ztest39882.c
Checking for stdarg.h... Yes.

=== ztest39882.c ===
#include <stdio.h>
#include <stdarg.h>
#include "zconf.h"
int main()
{
#ifndef STDC
  choke me
#endif
  return 0;
}
===
/Users/willemdrijver/ApolloCrossDev/Compilers/GCC-6.50-Latest/bin/m68k-amigaos-gcc -c -noixemul -m68040 -O2 -ffast-math -fomit-frame-pointer -fPIC -DZLIB_INSECURE -DNO_FSEEKO -DNO_STRERROR ztest39882.c
Checking whether to use vs[n]printf() or s[n]printf()... using vs[n]printf().

=== ztest39882.c ===
#include <stdio.h>
#include <stdarg.h>
int mytest(const char *fmt, ...)
{
  char buf[20];
  va_list ap;
  va_start(ap, fmt);
  vsnprintf(buf, sizeof(buf), fmt, ap);
  va_end(ap);
  return 0;
}
int main()
{
  return (mytest("Hello%d\n", 1));
}
===
/Users/willemdrijver/ApolloCrossDev/Compilers/GCC-6.50-Latest/bin/m68k-amigaos-gcc -noixemul -m68040 -O2 -ffast-math -fomit-frame-pointer -fPIC -DZLIB_INSECURE -DNO_FSEEKO -DNO_STRERROR -o ztest39882 ztest39882.c
/var/folders/3g/3mv1l9q16_9f_09svlx0lrhr0000gn/T//cclGMYNi.s: Assembler messages:
/var/folders/3g/3mv1l9q16_9f_09svlx0lrhr0000gn/T//cclGMYNi.s:11: Error: syntax error -- statement `bsr.l _vsnprintf@PLTPC' ignored
/var/folders/3g/3mv1l9q16_9f_09svlx0lrhr0000gn/T//cclGMYNi.s:22: Error: syntax error -- statement `lea (%pc, _GLOBAL_OFFSET_TABLE_@GOTPC), a4' ignored
/var/folders/3g/3mv1l9q16_9f_09svlx0lrhr0000gn/T//cclGMYNi.s:25: Error: syntax error -- statement `bsr.l _mytest@PLTPC' ignored
(exit code 1)
Checking for vsnprintf() in stdio.h... No.
  WARNING: vsnprintf() not found, falling back to vsprintf(). zlib
  can build but will be open to possible buffer-overflow security
  vulnerabilities.

=== ztest39882.c ===
#include <stdio.h>
#include <stdarg.h>
int mytest(const char *fmt, ...)
{
  int n;
  char buf[20];
  va_list ap;
  va_start(ap, fmt);
  n = vsprintf(buf, fmt, ap);
  va_end(ap);
  return n;
}
int main()
{
  return (mytest("Hello%d\n", 1));
}
===
/Users/willemdrijver/ApolloCrossDev/Compilers/GCC-6.50-Latest/bin/m68k-amigaos-gcc -c -noixemul -m68040 -O2 -ffast-math -fomit-frame-pointer -fPIC -DZLIB_INSECURE -DNO_FSEEKO -DNO_STRERROR -DNO_vsnprintf ztest39882.c
/var/folders/3g/3mv1l9q16_9f_09svlx0lrhr0000gn/T//ccYSI7Ti.s: Assembler messages:
/var/folders/3g/3mv1l9q16_9f_09svlx0lrhr0000gn/T//ccYSI7Ti.s:10: Error: syntax error -- statement `bsr.l _vsprintf@PLTPC' ignored
/var/folders/3g/3mv1l9q16_9f_09svlx0lrhr0000gn/T//ccYSI7Ti.s:20: Error: syntax error -- statement `lea (%pc, _GLOBAL_OFFSET_TABLE_@GOTPC), a4' ignored
/var/folders/3g/3mv1l9q16_9f_09svlx0lrhr0000gn/T//ccYSI7Ti.s:23: Error: syntax error -- statement `bsr.l _mytest@PLTPC' ignored
(exit code 1)
Checking for return value of vsprintf()... No.
  WARNING: apparently vsprintf() does not return a value. zlib
  can build but will be open to possible string-format security
  vulnerabilities.

=== ztest39882.c ===
#define ZLIB_INTERNAL __attribute__((visibility ("hidden")))
int ZLIB_INTERNAL foo;
int main()
{
  return 0;
}
===
/Users/willemdrijver/ApolloCrossDev/Compilers/GCC-6.50-Latest/bin/m68k-amigaos-gcc -c -noixemul -m68040 -O2 -ffast-math -fomit-frame-pointer -fPIC -DZLIB_INSECURE -DNO_FSEEKO -DNO_STRERROR -DNO_vsnprintf -DHAS_vsprintf_void ztest39882.c
Checking for attribute(visibility) support... Yes.
=== ztest39882.c ===
#ifndef __s390x__
    #error
#endif
===
/Users/willemdrijver/ApolloCrossDev/Compilers/GCC-6.50-Latest/bin/m68k-amigaos-gcc -c -noixemul -m68040 -O2 -ffast-math -fomit-frame-pointer -fPIC -DZLIB_INSECURE -DNO_FSEEKO -DNO_STRERROR -DNO_vsnprintf -DHAS_vsprintf_void -DHAVE_HIDDEN ztest39882.c
ztest39882.c:2:6: error: #error 
     #error
      ^~~~~
(exit code 1)
Checking for s390x build ... No.

ALL = static
AR = libtool
ARFLAGS = -o
CC = /Users/willemdrijver/ApolloCrossDev/Compilers/GCC-6.50-Latest/bin/m68k-amigaos-gcc
CFLAGS = -noixemul -m68040 -O2 -ffast-math -fomit-frame-pointer -fPIC -DZLIB_INSECURE -DNO_FSEEKO -DNO_STRERROR -DNO_vsnprintf -DHAS_vsprintf_void -DHAVE_HIDDEN
CPP =
EXE =
LDCONFIG = ldconfig
LDFLAGS =
LDSHARED = /Users/willemdrijver/ApolloCrossDev/Compilers/GCC-6.50-Latest/bin/m68k-amigaos-gcc
LDSHAREDLIBC = -lc
OBJC = $(OBJZ) $(OBJG)
PIC_OBJC = $(PIC_OBJZ) $(PIC_OBJG)
RANLIB = CC=/Users/willemdrijver/ApolloCrossDev/Compilers/GCC-6.50-Latest/bin/m68k-amigaos-ranlib
SFLAGS = -noixemul -m68040 -O2 -ffast-math -fomit-frame-pointer -fPIC -DZLIB_INSECURE -DNO_FSEEKO -DNO_STRERROR -DNO_vsnprintf -DHAS_vsprintf_void -DHAVE_HIDDEN
SHAREDLIB =
SHAREDLIBM =
SHAREDLIBV =
STATICLIB = libz.a
TEST = all teststatic
VER = 1.3.2
SRCDIR =
exec_prefix = ${prefix}
includedir = ${prefix}/include
libdir = ${exec_prefix}/lib
mandir = ${prefix}/share/man
prefix = /usr/local
sharedlibdir = ${libdir}
uname = Darwin
HAVE_S390X = 0
HAVE_S390X_VX = 0
VGFMAFLAG =
--------------------


--------------------
./configure --insecure
Tue May 12 15:53:36 CEST 2026
=== ztest41051.c ===
extern int getchar();
int hello() {return getchar();}
===
/Users/willemdrijver/ApolloCrossDev/Compilers/GCC-6.50-Latest/bin/m68k-amigaos-gcc -c ztest41051.c
... using gcc

Checking for compiler...
=== ztest41051.c ===
int foo() { return 0; }
===
/Users/willemdrijver/ApolloCrossDev/Compilers/GCC-6.50-Latest/bin/m68k-amigaos-gcc -c ztest41051.c
Checking for obsessive-compulsive compiler options...
=== ztest41051.c ===
int foo() { return 0; }
===
/Users/willemdrijver/ApolloCrossDev/Compilers/GCC-6.50-Latest/bin/m68k-amigaos-gcc -c -noixemul -m68040 -O2 -ffast-math -fomit-frame-pointer -fPIC -DZLIB_INSECURE ztest41051.c

Checking for shared library support...
=== ztest41051.c ===
extern int getchar();
int hello() {return getchar();}
===
/Users/willemdrijver/ApolloCrossDev/Compilers/GCC-6.50-Latest/bin/m68k-amigaos-gcc -c -noixemul -m68040 -O2 -ffast-math -fomit-frame-pointer -fPIC -DZLIB_INSECURE ztest41051.c
/var/folders/3g/3mv1l9q16_9f_09svlx0lrhr0000gn/T//ccX53JwC.s: Assembler messages:
/var/folders/3g/3mv1l9q16_9f_09svlx0lrhr0000gn/T//ccX53JwC.s:6: Error: syntax error -- statement `bra.l _getchar@PLTPC' ignored
(exit code 1)
No shared library support; try without defining CC and CFLAGS
Building static library libz.a version 1.3.2 with /Users/willemdrijver/ApolloCrossDev/Compilers/GCC-6.50-Latest/bin/m68k-amigaos-gcc.

=== ztest41051.c ===
#include <stdio.h>
#include <stdlib.h>
size_t dummy = 0;
===
/Users/willemdrijver/ApolloCrossDev/Compilers/GCC-6.50-Latest/bin/m68k-amigaos-gcc -c -noixemul -m68040 -O2 -ffast-math -fomit-frame-pointer -fPIC -DZLIB_INSECURE ztest41051.c
Checking for size_t... Yes.

=== ztest41051.c ===
#include <sys/types.h>
off64_t dummy = 0;
===
/Users/willemdrijver/ApolloCrossDev/Compilers/GCC-6.50-Latest/bin/m68k-amigaos-gcc -c -noixemul -m68040 -O2 -ffast-math -fomit-frame-pointer -fPIC -DZLIB_INSECURE -D_LARGEFILE64_SOURCE=1 ztest41051.c
ztest41051.c:2:1: error: unknown type name 'off64_t'
 off64_t dummy = 0;
 ^~~~~~~
(exit code 1)
Checking for off64_t... No.

=== ztest41051.c ===
#include <stdio.h>
int main(void) {
  fseeko(NULL, 0, 0);
  return 0;
}
===
/Users/willemdrijver/ApolloCrossDev/Compilers/GCC-6.50-Latest/bin/m68k-amigaos-gcc -noixemul -m68040 -O2 -ffast-math -fomit-frame-pointer -fPIC -DZLIB_INSECURE -o ztest41051 ztest41051.c
ztest41051.c: In function 'main':
ztest41051.c:3:3: warning: implicit declaration of function 'fseeko' [-Wimplicit-function-declaration]
   fseeko(NULL, 0, 0);
   ^~~~~~
/var/folders/3g/3mv1l9q16_9f_09svlx0lrhr0000gn/T//ccOE6Kat.s: Assembler messages:
/var/folders/3g/3mv1l9q16_9f_09svlx0lrhr0000gn/T//ccOE6Kat.s:9: Error: syntax error -- statement `bsr.l _fseeko@PLTPC' ignored
(exit code 1)
Checking for fseeko... No.

=== ztest41051.c ===
#include <string.h>
#include <errno.h>
int main() { return strlen(strerror(errno)); }
===
/Users/willemdrijver/ApolloCrossDev/Compilers/GCC-6.50-Latest/bin/m68k-amigaos-gcc -noixemul -m68040 -O2 -ffast-math -fomit-frame-pointer -fPIC -DZLIB_INSECURE -DNO_FSEEKO -o ztest41051 ztest41051.c
/var/folders/3g/3mv1l9q16_9f_09svlx0lrhr0000gn/T//ccHFhooq.s: Assembler messages:
/var/folders/3g/3mv1l9q16_9f_09svlx0lrhr0000gn/T//ccHFhooq.s:8: Error: syntax error -- statement `bsr.l _strerror@PLTPC' ignored
(exit code 1)
Checking for strerror... No.

=== ztest41051.c ===
#include <unistd.h>
int main() { return 0; }
===
/Users/willemdrijver/ApolloCrossDev/Compilers/GCC-6.50-Latest/bin/m68k-amigaos-gcc -c -noixemul -m68040 -O2 -ffast-math -fomit-frame-pointer -fPIC -DZLIB_INSECURE -DNO_FSEEKO -DNO_STRERROR ztest41051.c
Checking for unistd.h... Yes.

=== ztest41051.c ===
#include <stdarg.h>
int main() { return 0; }
===
/Users/willemdrijver/ApolloCrossDev/Compilers/GCC-6.50-Latest/bin/m68k-amigaos-gcc -c -noixemul -m68040 -O2 -ffast-math -fomit-frame-pointer -fPIC -DZLIB_INSECURE -DNO_FSEEKO -DNO_STRERROR ztest41051.c
Checking for stdarg.h... Yes.

=== ztest41051.c ===
#include <stdio.h>
#include <stdarg.h>
#include "zconf.h"
int main()
{
#ifndef STDC
  choke me
#endif
  return 0;
}
===
/Users/willemdrijver/ApolloCrossDev/Compilers/GCC-6.50-Latest/bin/m68k-amigaos-gcc -c -noixemul -m68040 -O2 -ffast-math -fomit-frame-pointer -fPIC -DZLIB_INSECURE -DNO_FSEEKO -DNO_STRERROR ztest41051.c
Checking whether to use vs[n]printf() or s[n]printf()... using vs[n]printf().

=== ztest41051.c ===
#include <stdio.h>
#include <stdarg.h>
int mytest(const char *fmt, ...)
{
  char buf[20];
  va_list ap;
  va_start(ap, fmt);
  vsnprintf(buf, sizeof(buf), fmt, ap);
  va_end(ap);
  return 0;
}
int main()
{
  return (mytest("Hello%d\n", 1));
}
===
/Users/willemdrijver/ApolloCrossDev/Compilers/GCC-6.50-Latest/bin/m68k-amigaos-gcc -noixemul -m68040 -O2 -ffast-math -fomit-frame-pointer -fPIC -DZLIB_INSECURE -DNO_FSEEKO -DNO_STRERROR -o ztest41051 ztest41051.c
/var/folders/3g/3mv1l9q16_9f_09svlx0lrhr0000gn/T//ccIF5OsW.s: Assembler messages:
/var/folders/3g/3mv1l9q16_9f_09svlx0lrhr0000gn/T//ccIF5OsW.s:11: Error: syntax error -- statement `bsr.l _vsnprintf@PLTPC' ignored
/var/folders/3g/3mv1l9q16_9f_09svlx0lrhr0000gn/T//ccIF5OsW.s:22: Error: syntax error -- statement `lea (%pc, _GLOBAL_OFFSET_TABLE_@GOTPC), a4' ignored
/var/folders/3g/3mv1l9q16_9f_09svlx0lrhr0000gn/T//ccIF5OsW.s:25: Error: syntax error -- statement `bsr.l _mytest@PLTPC' ignored
(exit code 1)
Checking for vsnprintf() in stdio.h... No.
  WARNING: vsnprintf() not found, falling back to vsprintf(). zlib
  can build but will be open to possible buffer-overflow security
  vulnerabilities.

=== ztest41051.c ===
#include <stdio.h>
#include <stdarg.h>
int mytest(const char *fmt, ...)
{
  int n;
  char buf[20];
  va_list ap;
  va_start(ap, fmt);
  n = vsprintf(buf, fmt, ap);
  va_end(ap);
  return n;
}
int main()
{
  return (mytest("Hello%d\n", 1));
}
===
/Users/willemdrijver/ApolloCrossDev/Compilers/GCC-6.50-Latest/bin/m68k-amigaos-gcc -c -noixemul -m68040 -O2 -ffast-math -fomit-frame-pointer -fPIC -DZLIB_INSECURE -DNO_FSEEKO -DNO_STRERROR -DNO_vsnprintf ztest41051.c
/var/folders/3g/3mv1l9q16_9f_09svlx0lrhr0000gn/T//ccuUm2YF.s: Assembler messages:
/var/folders/3g/3mv1l9q16_9f_09svlx0lrhr0000gn/T//ccuUm2YF.s:10: Error: syntax error -- statement `bsr.l _vsprintf@PLTPC' ignored
/var/folders/3g/3mv1l9q16_9f_09svlx0lrhr0000gn/T//ccuUm2YF.s:20: Error: syntax error -- statement `lea (%pc, _GLOBAL_OFFSET_TABLE_@GOTPC), a4' ignored
/var/folders/3g/3mv1l9q16_9f_09svlx0lrhr0000gn/T//ccuUm2YF.s:23: Error: syntax error -- statement `bsr.l _mytest@PLTPC' ignored
(exit code 1)
Checking for return value of vsprintf()... No.
  WARNING: apparently vsprintf() does not return a value. zlib
  can build but will be open to possible string-format security
  vulnerabilities.

=== ztest41051.c ===
#define ZLIB_INTERNAL __attribute__((visibility ("hidden")))
int ZLIB_INTERNAL foo;
int main()
{
  return 0;
}
===
/Users/willemdrijver/ApolloCrossDev/Compilers/GCC-6.50-Latest/bin/m68k-amigaos-gcc -c -noixemul -m68040 -O2 -ffast-math -fomit-frame-pointer -fPIC -DZLIB_INSECURE -DNO_FSEEKO -DNO_STRERROR -DNO_vsnprintf -DHAS_vsprintf_void ztest41051.c
Checking for attribute(visibility) support... Yes.
=== ztest41051.c ===
#ifndef __s390x__
    #error
#endif
===
/Users/willemdrijver/ApolloCrossDev/Compilers/GCC-6.50-Latest/bin/m68k-amigaos-gcc -c -noixemul -m68040 -O2 -ffast-math -fomit-frame-pointer -fPIC -DZLIB_INSECURE -DNO_FSEEKO -DNO_STRERROR -DNO_vsnprintf -DHAS_vsprintf_void -DHAVE_HIDDEN ztest41051.c
ztest41051.c:2:6: error: #error 
     #error
      ^~~~~
(exit code 1)
Checking for s390x build ... No.

ALL = static
AR = libtool
ARFLAGS = -o
CC = /Users/willemdrijver/ApolloCrossDev/Compilers/GCC-6.50-Latest/bin/m68k-amigaos-gcc
CFLAGS = -noixemul -m68040 -O2 -ffast-math -fomit-frame-pointer -fPIC -DZLIB_INSECURE -DNO_FSEEKO -DNO_STRERROR -DNO_vsnprintf -DHAS_vsprintf_void -DHAVE_HIDDEN
CPP =
EXE =
LDCONFIG = ldconfig
LDFLAGS =
LDSHARED = /Users/willemdrijver/ApolloCrossDev/Compilers/GCC-6.50-Latest/bin/m68k-amigaos-gcc
LDSHAREDLIBC = -lc
OBJC = $(OBJZ) $(OBJG)
PIC_OBJC = $(PIC_OBJZ) $(PIC_OBJG)
RANLIB = CC=/Users/willemdrijver/ApolloCrossDev/Compilers/GCC-6.50-Latest/bin/m68k-amigaos-ranlib
SFLAGS = -noixemul -m68040 -O2 -ffast-math -fomit-frame-pointer -fPIC -DZLIB_INSECURE -DNO_FSEEKO -DNO_STRERROR -DNO_vsnprintf -DHAS_vsprintf_void -DHAVE_HIDDEN
SHAREDLIB =
SHAREDLIBM =
SHAREDLIBV =
STATICLIB = libz.a
TEST = all teststatic
VER = 1.3.2
SRCDIR =
exec_prefix = ${prefix}
includedir = ${prefix}/include
libdir = ${exec_prefix}/lib
mandir = ${prefix}/share/man
prefix = /usr/local
sharedlibdir = ${libdir}
uname = Darwin
HAVE_S390X = 0
HAVE_S390X_VX = 0
VGFMAFLAG =
--------------------


--------------------
./configure --insecure
Tue May 12 15:54:52 CEST 2026
=== ztest42331.c ===
extern int getchar();
int hello() {return getchar();}
===
/Users/willemdrijver/ApolloCrossDev/Compilers/GCC-6.50-Latest/bin/m68k-amigaos-gcc -c ztest42331.c
... using gcc

Checking for compiler...
=== ztest42331.c ===
int foo() { return 0; }
===
/Users/willemdrijver/ApolloCrossDev/Compilers/GCC-6.50-Latest/bin/m68k-amigaos-gcc -c ztest42331.c
Checking for obsessive-compulsive compiler options...
=== ztest42331.c ===
int foo() { return 0; }
===
/Users/willemdrijver/ApolloCrossDev/Compilers/GCC-6.50-Latest/bin/m68k-amigaos-gcc -c -noixemul -m68040 -O2 -ffast-math -fomit-frame-pointer -fPIC -DZLIB_INSECURE ztest42331.c

Checking for shared library support...
=== ztest42331.c ===
extern int getchar();
int hello() {return getchar();}
===
/Users/willemdrijver/ApolloCrossDev/Compilers/GCC-6.50-Latest/bin/m68k-amigaos-gcc -c -noixemul -m68040 -O2 -ffast-math -fomit-frame-pointer -fPIC -DZLIB_INSECURE ztest42331.c
/var/folders/3g/3mv1l9q16_9f_09svlx0lrhr0000gn/T//cctVC5nN.s: Assembler messages:
/var/folders/3g/3mv1l9q16_9f_09svlx0lrhr0000gn/T//cctVC5nN.s:6: Error: syntax error -- statement `bra.l _getchar@PLTPC' ignored
(exit code 1)
No shared library support; try without defining CC and CFLAGS
Building static library libz.a version 1.3.2 with /Users/willemdrijver/ApolloCrossDev/Compilers/GCC-6.50-Latest/bin/m68k-amigaos-gcc.

=== ztest42331.c ===
#include <stdio.h>
#include <stdlib.h>
size_t dummy = 0;
===
/Users/willemdrijver/ApolloCrossDev/Compilers/GCC-6.50-Latest/bin/m68k-amigaos-gcc -c -noixemul -m68040 -O2 -ffast-math -fomit-frame-pointer -fPIC -DZLIB_INSECURE ztest42331.c
Checking for size_t... Yes.

=== ztest42331.c ===
#include <sys/types.h>
off64_t dummy = 0;
===
/Users/willemdrijver/ApolloCrossDev/Compilers/GCC-6.50-Latest/bin/m68k-amigaos-gcc -c -noixemul -m68040 -O2 -ffast-math -fomit-frame-pointer -fPIC -DZLIB_INSECURE -D_LARGEFILE64_SOURCE=1 ztest42331.c
ztest42331.c:2:1: error: unknown type name 'off64_t'
 off64_t dummy = 0;
 ^~~~~~~
(exit code 1)
Checking for off64_t... No.

=== ztest42331.c ===
#include <stdio.h>
int main(void) {
  fseeko(NULL, 0, 0);
  return 0;
}
===
/Users/willemdrijver/ApolloCrossDev/Compilers/GCC-6.50-Latest/bin/m68k-amigaos-gcc -noixemul -m68040 -O2 -ffast-math -fomit-frame-pointer -fPIC -DZLIB_INSECURE -o ztest42331 ztest42331.c
ztest42331.c: In function 'main':
ztest42331.c:3:3: warning: implicit declaration of function 'fseeko' [-Wimplicit-function-declaration]
   fseeko(NULL, 0, 0);
   ^~~~~~
/var/folders/3g/3mv1l9q16_9f_09svlx0lrhr0000gn/T//cca7VqZT.s: Assembler messages:
/var/folders/3g/3mv1l9q16_9f_09svlx0lrhr0000gn/T//cca7VqZT.s:9: Error: syntax error -- statement `bsr.l _fseeko@PLTPC' ignored
(exit code 1)
Checking for fseeko... No.

=== ztest42331.c ===
#include <string.h>
#include <errno.h>
int main() { return strlen(strerror(errno)); }
===
/Users/willemdrijver/ApolloCrossDev/Compilers/GCC-6.50-Latest/bin/m68k-amigaos-gcc -noixemul -m68040 -O2 -ffast-math -fomit-frame-pointer -fPIC -DZLIB_INSECURE -DNO_FSEEKO -o ztest42331 ztest42331.c
/var/folders/3g/3mv1l9q16_9f_09svlx0lrhr0000gn/T//ccKWzizC.s: Assembler messages:
/var/folders/3g/3mv1l9q16_9f_09svlx0lrhr0000gn/T//ccKWzizC.s:8: Error: syntax error -- statement `bsr.l _strerror@PLTPC' ignored
(exit code 1)
Checking for strerror... No.

=== ztest42331.c ===
#include <unistd.h>
int main() { return 0; }
===
/Users/willemdrijver/ApolloCrossDev/Compilers/GCC-6.50-Latest/bin/m68k-amigaos-gcc -c -noixemul -m68040 -O2 -ffast-math -fomit-frame-pointer -fPIC -DZLIB_INSECURE -DNO_FSEEKO -DNO_STRERROR ztest42331.c
Checking for unistd.h... Yes.

=== ztest42331.c ===
#include <stdarg.h>
int main() { return 0; }
===
/Users/willemdrijver/ApolloCrossDev/Compilers/GCC-6.50-Latest/bin/m68k-amigaos-gcc -c -noixemul -m68040 -O2 -ffast-math -fomit-frame-pointer -fPIC -DZLIB_INSECURE -DNO_FSEEKO -DNO_STRERROR ztest42331.c
Checking for stdarg.h... Yes.

=== ztest42331.c ===
#include <stdio.h>
#include <stdarg.h>
#include "zconf.h"
int main()
{
#ifndef STDC
  choke me
#endif
  return 0;
}
===
/Users/willemdrijver/ApolloCrossDev/Compilers/GCC-6.50-Latest/bin/m68k-amigaos-gcc -c -noixemul -m68040 -O2 -ffast-math -fomit-frame-pointer -fPIC -DZLIB_INSECURE -DNO_FSEEKO -DNO_STRERROR ztest42331.c
Checking whether to use vs[n]printf() or s[n]printf()... using vs[n]printf().

=== ztest42331.c ===
#include <stdio.h>
#include <stdarg.h>
int mytest(const char *fmt, ...)
{
  char buf[20];
  va_list ap;
  va_start(ap, fmt);
  vsnprintf(buf, sizeof(buf), fmt, ap);
  va_end(ap);
  return 0;
}
int main()
{
  return (mytest("Hello%d\n", 1));
}
===
/Users/willemdrijver/ApolloCrossDev/Compilers/GCC-6.50-Latest/bin/m68k-amigaos-gcc -noixemul -m68040 -O2 -ffast-math -fomit-frame-pointer -fPIC -DZLIB_INSECURE -DNO_FSEEKO -DNO_STRERROR -o ztest42331 ztest42331.c
/var/folders/3g/3mv1l9q16_9f_09svlx0lrhr0000gn/T//ccxx9OHk.s: Assembler messages:
/var/folders/3g/3mv1l9q16_9f_09svlx0lrhr0000gn/T//ccxx9OHk.s:11: Error: syntax error -- statement `bsr.l _vsnprintf@PLTPC' ignored
/var/folders/3g/3mv1l9q16_9f_09svlx0lrhr0000gn/T//ccxx9OHk.s:22: Error: syntax error -- statement `lea (%pc, _GLOBAL_OFFSET_TABLE_@GOTPC), a4' ignored
/var/folders/3g/3mv1l9q16_9f_09svlx0lrhr0000gn/T//ccxx9OHk.s:25: Error: syntax error -- statement `bsr.l _mytest@PLTPC' ignored
(exit code 1)
Checking for vsnprintf() in stdio.h... No.
  WARNING: vsnprintf() not found, falling back to vsprintf(). zlib
  can build but will be open to possible buffer-overflow security
  vulnerabilities.

=== ztest42331.c ===
#include <stdio.h>
#include <stdarg.h>
int mytest(const char *fmt, ...)
{
  int n;
  char buf[20];
  va_list ap;
  va_start(ap, fmt);
  n = vsprintf(buf, fmt, ap);
  va_end(ap);
  return n;
}
int main()
{
  return (mytest("Hello%d\n", 1));
}
===
/Users/willemdrijver/ApolloCrossDev/Compilers/GCC-6.50-Latest/bin/m68k-amigaos-gcc -c -noixemul -m68040 -O2 -ffast-math -fomit-frame-pointer -fPIC -DZLIB_INSECURE -DNO_FSEEKO -DNO_STRERROR -DNO_vsnprintf ztest42331.c
/var/folders/3g/3mv1l9q16_9f_09svlx0lrhr0000gn/T//ccMlkLJU.s: Assembler messages:
/var/folders/3g/3mv1l9q16_9f_09svlx0lrhr0000gn/T//ccMlkLJU.s:10: Error: syntax error -- statement `bsr.l _vsprintf@PLTPC' ignored
/var/folders/3g/3mv1l9q16_9f_09svlx0lrhr0000gn/T//ccMlkLJU.s:20: Error: syntax error -- statement `lea (%pc, _GLOBAL_OFFSET_TABLE_@GOTPC), a4' ignored
/var/folders/3g/3mv1l9q16_9f_09svlx0lrhr0000gn/T//ccMlkLJU.s:23: Error: syntax error -- statement `bsr.l _mytest@PLTPC' ignored
(exit code 1)
Checking for return value of vsprintf()... No.
  WARNING: apparently vsprintf() does not return a value. zlib
  can build but will be open to possible string-format security
  vulnerabilities.

=== ztest42331.c ===
#define ZLIB_INTERNAL __attribute__((visibility ("hidden")))
int ZLIB_INTERNAL foo;
int main()
{
  return 0;
}
===
/Users/willemdrijver/ApolloCrossDev/Compilers/GCC-6.50-Latest/bin/m68k-amigaos-gcc -c -noixemul -m68040 -O2 -ffast-math -fomit-frame-pointer -fPIC -DZLIB_INSECURE -DNO_FSEEKO -DNO_STRERROR -DNO_vsnprintf -DHAS_vsprintf_void ztest42331.c
Checking for attribute(visibility) support... Yes.
=== ztest42331.c ===
#ifndef __s390x__
    #error
#endif
===
/Users/willemdrijver/ApolloCrossDev/Compilers/GCC-6.50-Latest/bin/m68k-amigaos-gcc -c -noixemul -m68040 -O2 -ffast-math -fomit-frame-pointer -fPIC -DZLIB_INSECURE -DNO_FSEEKO -DNO_STRERROR -DNO_vsnprintf -DHAS_vsprintf_void -DHAVE_HIDDEN ztest42331.c
ztest42331.c:2:6: error: #error 
     #error
      ^~~~~
(exit code 1)
Checking for s390x build ... No.

ALL = static
AR = libtool
ARFLAGS = -o
CC = /Users/willemdrijver/ApolloCrossDev/Compilers/GCC-6.50-Latest/bin/m68k-amigaos-gcc
CFLAGS = -noixemul -m68040 -O2 -ffast-math -fomit-frame-pointer -fPIC -DZLIB_INSECURE -DNO_FSEEKO -DNO_STRERROR -DNO_vsnprintf -DHAS_vsprintf_void -DHAVE_HIDDEN
CPP =
EXE =
LDCONFIG = ldconfig
LDFLAGS =
LDSHARED = /Users/willemdrijver/ApolloCrossDev/Compilers/GCC-6.50-Latest/bin/m68k-amigaos-gcc
LDSHAREDLIBC = -lc
OBJC = $(OBJZ) $(OBJG)
PIC_OBJC = $(PIC_OBJZ) $(PIC_OBJG)
RANLIB = CC=/Users/willemdrijver/ApolloCrossDev/Compilers/GCC-6.50-Latest/bin/m68k-amigaos-ranlib
SFLAGS = -noixemul -m68040 -O2 -ffast-math -fomit-frame-pointer -fPIC -DZLIB_INSECURE -DNO_FSEEKO -DNO_STRERROR -DNO_vsnprintf -DHAS_vsprintf_void -DHAVE_HIDDEN
SHAREDLIB =
SHAREDLIBM =
SHAREDLIBV =
STATICLIB = libz.a
TEST = all teststatic
VER = 1.3.2
SRCDIR =
exec_prefix = ${prefix}
includedir = ${prefix}/include
libdir = ${exec_prefix}/lib
mandir = ${prefix}/share/man
prefix = /usr/local
sharedlibdir = ${libdir}
uname = Darwin
HAVE_S390X = 0
HAVE_S390X_VX = 0
VGFMAFLAG =
--------------------


--------------------
./configure --insecure
Tue May 12 16:03:58 CEST 2026
=== ztest48309.c ===
extern int getchar();
int hello() {return getchar();}
===
/Users/willemdrijver/ApolloCrossDev/Compilers/GCC-6.50-Latest/bin/m68k-amigaos-gcc -c ztest48309.c
... using gcc

Checking for compiler...
=== ztest48309.c ===
int foo() { return 0; }
===
/Users/willemdrijver/ApolloCrossDev/Compilers/GCC-6.50-Latest/bin/m68k-amigaos-gcc -c ztest48309.c
Checking for obsessive-compulsive compiler options...
=== ztest48309.c ===
int foo() { return 0; }
===
/Users/willemdrijver/ApolloCrossDev/Compilers/GCC-6.50-Latest/bin/m68k-amigaos-gcc -c -noixemul -m68040 -O2 -ffast-math -fomit-frame-pointer -fPIC -DZLIB_INSECURE ztest48309.c

Checking for shared library support...
=== ztest48309.c ===
extern int getchar();
int hello() {return getchar();}
===
/Users/willemdrijver/ApolloCrossDev/Compilers/GCC-6.50-Latest/bin/m68k-amigaos-gcc -c -noixemul -m68040 -O2 -ffast-math -fomit-frame-pointer -fPIC -DZLIB_INSECURE ztest48309.c
/var/folders/3g/3mv1l9q16_9f_09svlx0lrhr0000gn/T//ccGINScN.s: Assembler messages:
/var/folders/3g/3mv1l9q16_9f_09svlx0lrhr0000gn/T//ccGINScN.s:6: Error: syntax error -- statement `bra.l _getchar@PLTPC' ignored
(exit code 1)
No shared library support; try without defining CC and CFLAGS
Building static library libz.a version 1.3.2 with /Users/willemdrijver/ApolloCrossDev/Compilers/GCC-6.50-Latest/bin/m68k-amigaos-gcc.

=== ztest48309.c ===
#include <stdio.h>
#include <stdlib.h>
size_t dummy = 0;
===
/Users/willemdrijver/ApolloCrossDev/Compilers/GCC-6.50-Latest/bin/m68k-amigaos-gcc -c -noixemul -m68040 -O2 -ffast-math -fomit-frame-pointer -fPIC -DZLIB_INSECURE ztest48309.c
Checking for size_t... Yes.

=== ztest48309.c ===
#include <sys/types.h>
off64_t dummy = 0;
===
/Users/willemdrijver/ApolloCrossDev/Compilers/GCC-6.50-Latest/bin/m68k-amigaos-gcc -c -noixemul -m68040 -O2 -ffast-math -fomit-frame-pointer -fPIC -DZLIB_INSECURE -D_LARGEFILE64_SOURCE=1 ztest48309.c
ztest48309.c:2:1: error: unknown type name 'off64_t'
 off64_t dummy = 0;
 ^~~~~~~
(exit code 1)
Checking for off64_t... No.

=== ztest48309.c ===
#include <stdio.h>
int main(void) {
  fseeko(NULL, 0, 0);
  return 0;
}
===
/Users/willemdrijver/ApolloCrossDev/Compilers/GCC-6.50-Latest/bin/m68k-amigaos-gcc -noixemul -m68040 -O2 -ffast-math -fomit-frame-pointer -fPIC -DZLIB_INSECURE -o ztest48309 ztest48309.c
ztest48309.c: In function 'main':
ztest48309.c:3:3: warning: implicit declaration of function 'fseeko' [-Wimplicit-function-declaration]
   fseeko(NULL, 0, 0);
   ^~~~~~
/var/folders/3g/3mv1l9q16_9f_09svlx0lrhr0000gn/T//ccp4jTzl.s: Assembler messages:
/var/folders/3g/3mv1l9q16_9f_09svlx0lrhr0000gn/T//ccp4jTzl.s:9: Error: syntax error -- statement `bsr.l _fseeko@PLTPC' ignored
(exit code 1)
Checking for fseeko... No.

=== ztest48309.c ===
#include <string.h>
#include <errno.h>
int main() { return strlen(strerror(errno)); }
===
/Users/willemdrijver/ApolloCrossDev/Compilers/GCC-6.50-Latest/bin/m68k-amigaos-gcc -noixemul -m68040 -O2 -ffast-math -fomit-frame-pointer -fPIC -DZLIB_INSECURE -DNO_FSEEKO -o ztest48309 ztest48309.c
/var/folders/3g/3mv1l9q16_9f_09svlx0lrhr0000gn/T//ccU2smlL.s: Assembler messages:
/var/folders/3g/3mv1l9q16_9f_09svlx0lrhr0000gn/T//ccU2smlL.s:8: Error: syntax error -- statement `bsr.l _strerror@PLTPC' ignored
(exit code 1)
Checking for strerror... No.

=== ztest48309.c ===
#include <unistd.h>
int main() { return 0; }
===
/Users/willemdrijver/ApolloCrossDev/Compilers/GCC-6.50-Latest/bin/m68k-amigaos-gcc -c -noixemul -m68040 -O2 -ffast-math -fomit-frame-pointer -fPIC -DZLIB_INSECURE -DNO_FSEEKO -DNO_STRERROR ztest48309.c
Checking for unistd.h... Yes.

=== ztest48309.c ===
#include <stdarg.h>
int main() { return 0; }
===
/Users/willemdrijver/ApolloCrossDev/Compilers/GCC-6.50-Latest/bin/m68k-amigaos-gcc -c -noixemul -m68040 -O2 -ffast-math -fomit-frame-pointer -fPIC -DZLIB_INSECURE -DNO_FSEEKO -DNO_STRERROR ztest48309.c
Checking for stdarg.h... Yes.

=== ztest48309.c ===
#include <stdio.h>
#include <stdarg.h>
#include "zconf.h"
int main()
{
#ifndef STDC
  choke me
#endif
  return 0;
}
===
/Users/willemdrijver/ApolloCrossDev/Compilers/GCC-6.50-Latest/bin/m68k-amigaos-gcc -c -noixemul -m68040 -O2 -ffast-math -fomit-frame-pointer -fPIC -DZLIB_INSECURE -DNO_FSEEKO -DNO_STRERROR ztest48309.c
Checking whether to use vs[n]printf() or s[n]printf()... using vs[n]printf().

=== ztest48309.c ===
#include <stdio.h>
#include <stdarg.h>
int mytest(const char *fmt, ...)
{
  char buf[20];
  va_list ap;
  va_start(ap, fmt);
  vsnprintf(buf, sizeof(buf), fmt, ap);
  va_end(ap);
  return 0;
}
int main()
{
  return (mytest("Hello%d\n", 1));
}
===
/Users/willemdrijver/ApolloCrossDev/Compilers/GCC-6.50-Latest/bin/m68k-amigaos-gcc -noixemul -m68040 -O2 -ffast-math -fomit-frame-pointer -fPIC -DZLIB_INSECURE -DNO_FSEEKO -DNO_STRERROR -o ztest48309 ztest48309.c
/var/folders/3g/3mv1l9q16_9f_09svlx0lrhr0000gn/T//ccTueTmr.s: Assembler messages:
/var/folders/3g/3mv1l9q16_9f_09svlx0lrhr0000gn/T//ccTueTmr.s:11: Error: syntax error -- statement `bsr.l _vsnprintf@PLTPC' ignored
/var/folders/3g/3mv1l9q16_9f_09svlx0lrhr0000gn/T//ccTueTmr.s:22: Error: syntax error -- statement `lea (%pc, _GLOBAL_OFFSET_TABLE_@GOTPC), a4' ignored
/var/folders/3g/3mv1l9q16_9f_09svlx0lrhr0000gn/T//ccTueTmr.s:25: Error: syntax error -- statement `bsr.l _mytest@PLTPC' ignored
(exit code 1)
Checking for vsnprintf() in stdio.h... No.
  WARNING: vsnprintf() not found, falling back to vsprintf(). zlib
  can build but will be open to possible buffer-overflow security
  vulnerabilities.

=== ztest48309.c ===
#include <stdio.h>
#include <stdarg.h>
int mytest(const char *fmt, ...)
{
  int n;
  char buf[20];
  va_list ap;
  va_start(ap, fmt);
  n = vsprintf(buf, fmt, ap);
  va_end(ap);
  return n;
}
int main()
{
  return (mytest("Hello%d\n", 1));
}
===
/Users/willemdrijver/ApolloCrossDev/Compilers/GCC-6.50-Latest/bin/m68k-amigaos-gcc -c -noixemul -m68040 -O2 -ffast-math -fomit-frame-pointer -fPIC -DZLIB_INSECURE -DNO_FSEEKO -DNO_STRERROR -DNO_vsnprintf ztest48309.c
/var/folders/3g/3mv1l9q16_9f_09svlx0lrhr0000gn/T//cc2xCdF5.s: Assembler messages:
/var/folders/3g/3mv1l9q16_9f_09svlx0lrhr0000gn/T//cc2xCdF5.s:10: Error: syntax error -- statement `bsr.l _vsprintf@PLTPC' ignored
/var/folders/3g/3mv1l9q16_9f_09svlx0lrhr0000gn/T//cc2xCdF5.s:20: Error: syntax error -- statement `lea (%pc, _GLOBAL_OFFSET_TABLE_@GOTPC), a4' ignored
/var/folders/3g/3mv1l9q16_9f_09svlx0lrhr0000gn/T//cc2xCdF5.s:23: Error: syntax error -- statement `bsr.l _mytest@PLTPC' ignored
(exit code 1)
Checking for return value of vsprintf()... No.
  WARNING: apparently vsprintf() does not return a value. zlib
  can build but will be open to possible string-format security
  vulnerabilities.

=== ztest48309.c ===
#define ZLIB_INTERNAL __attribute__((visibility ("hidden")))
int ZLIB_INTERNAL foo;
int main()
{
  return 0;
}
===
/Users/willemdrijver/ApolloCrossDev/Compilers/GCC-6.50-Latest/bin/m68k-amigaos-gcc -c -noixemul -m68040 -O2 -ffast-math -fomit-frame-pointer -fPIC -DZLIB_INSECURE -DNO_FSEEKO -DNO_STRERROR -DNO_vsnprintf -DHAS_vsprintf_void ztest48309.c
Checking for attribute(visibility) support... Yes.
=== ztest48309.c ===
#ifndef __s390x__
    #error
#endif
===
/Users/willemdrijver/ApolloCrossDev/Compilers/GCC-6.50-Latest/bin/m68k-amigaos-gcc -c -noixemul -m68040 -O2 -ffast-math -fomit-frame-pointer -fPIC -DZLIB_INSECURE -DNO_FSEEKO -DNO_STRERROR -DNO_vsnprintf -DHAS_vsprintf_void -DHAVE_HIDDEN ztest48309.c
ztest48309.c:2:6: error: #error 
     #error
      ^~~~~
(exit code 1)
Checking for s390x build ... No.

ALL = static
AR = libtool
ARFLAGS = -o
CC = /Users/willemdrijver/ApolloCrossDev/Compilers/GCC-6.50-Latest/bin/m68k-amigaos-gcc
CFLAGS = -noixemul -m68040 -O2 -ffast-math -fomit-frame-pointer -fPIC -DZLIB_INSECURE -DNO_FSEEKO -DNO_STRERROR -DNO_vsnprintf -DHAS_vsprintf_void -DHAVE_HIDDEN
CPP =
EXE =
LDCONFIG = ldconfig
LDFLAGS =
LDSHARED = /Users/willemdrijver/ApolloCrossDev/Compilers/GCC-6.50-Latest/bin/m68k-amigaos-gcc
LDSHAREDLIBC = -lc
OBJC = $(OBJZ) $(OBJG)
PIC_OBJC = $(PIC_OBJZ) $(PIC_OBJG)
RANLIB = CC=/Users/willemdrijver/ApolloCrossDev/Compilers/GCC-6.50-Latest/bin/m68k-amigaos-ranlib
SFLAGS = -noixemul -m68040 -O2 -ffast-math -fomit-frame-pointer -fPIC -DZLIB_INSECURE -DNO_FSEEKO -DNO_STRERROR -DNO_vsnprintf -DHAS_vsprintf_void -DHAVE_HIDDEN
SHAREDLIB =
SHAREDLIBM =
SHAREDLIBV =
STATICLIB = libz.a
TEST = all teststatic
VER = 1.3.2
SRCDIR =
exec_prefix = ${prefix}
includedir = ${prefix}/include
libdir = ${exec_prefix}/lib
mandir = ${prefix}/share/man
prefix = /usr/local
sharedlibdir = ${libdir}
uname = Darwin
HAVE_S390X = 0
HAVE_S390X_VX = 0
VGFMAFLAG =
--------------------


