checking build system type... x86_64-unknown-linux-gnu
checking host system type... x86_64-unknown-linux-gnu
checking target system type... x86_64-unknown-linux-gnu
checking whether make sets ${MAKE}... yes
checking for gcc... gcc
checking for gcc... (cached) gcc
checking for C compiler default output... a.out
checking whether the C compiler works... yes
checking whether we are cross compiling... no
checking for executable suffix... 
checking for object suffix... o
checking whether we are using the GNU C compiler... yes
checking whether gcc accepts -g... yes
checking for a BSD compatible install... /usr/bin/install -c
configure: creating ./config.status
config.status: creating Makefile
config.status: creating fd2sfd.readme
config.status: creating gg-fd2sfd.spec
config.status: creating cross/bin/gg-fix-includes
gcc -DVERSION=\"1.0\" -DDATE=\"25.07.2003\" -W -Wall  -s /home/willem/ApolloCrossDev/Compilers/GCC-2.95.3/_sources/fd2sfd/fd2inline.c -o fd2sfd
