fd2pragma.c: In function ‘DoError’:
fd2pragma.c:4257:24: warning: format ‘%ld’ expects argument of type ‘long int’, but argument 3 has type ‘uint32’ {aka ‘unsigned int’} [-Wformat=]
 4257 |   printf((line ? "%s %ld in line %ld%s: " : "%s %ld : "),
      |                      ~~^
      |                        |
      |                        long int
      |                      %d
 4258 |   (Errors[err].Type ? "Warning" : "Error"), err, line,
      |                                             ~~~
      |                                             |
      |                                             uint32 {aka unsigned int}
fd2pragma.c:4257:36: warning: format ‘%ld’ expects argument of type ‘long int’, but argument 4 has type ‘uint32’ {aka ‘unsigned int’} [-Wformat=]
 4257 |   printf((line ? "%s %ld in line %ld%s: " : "%s %ld : "),
      |                                  ~~^
      |                                    |
      |                                    long int
      |                                  %d
 4258 |   (Errors[err].Type ? "Warning" : "Error"), err, line,
      |                                                  ~~~~
      |                                                  |
      |                                                  uint32 {aka unsigned int}
fd2pragma.c:4257:51: warning: format ‘%ld’ expects argument of type ‘long int’, but argument 3 has type ‘uint32’ {aka ‘unsigned int’} [-Wformat=]
 4257 |   printf((line ? "%s %ld in line %ld%s: " : "%s %ld : "),
      |                                                 ~~^
      |                                                   |
      |                                                   long int
      |                                                 %d
 4258 |   (Errors[err].Type ? "Warning" : "Error"), err, line,
      |                                             ~~~    
      |                                             |
      |                                             uint32 {aka unsigned int}
fd2pragma.c: In function ‘FuncAMICALL’:
fd2pragma.c:4415:5: warning: format not a string literal and no format arguments [-Wformat-security]
 4415 |     DoOutput(RegNames[ap->Args[i].ArgReg]);
      |     ^~~~~~~~
fd2pragma.c: In function ‘FuncAsmText’:
fd2pragma.c:4535:11: warning: format not a string literal and no format arguments [-Wformat-security]
 4535 |           DoOutput(RegNamesUpper[i]);
      |           ^~~~~~~~
fd2pragma.c:4560:9: warning: format not a string literal and no format arguments [-Wformat-security]
 4560 |         DoOutput(RegNamesUpper[REG_FP0 + i]);
      |         ^~~~~~~~
fd2pragma.c:4599:42: warning: format ‘%ld’ expects argument of type ‘long int’, but argument 4 has type ‘uint32’ {aka ‘unsigned int’} [-Wformat=]
 4599 |         DoOutput(/*(*/"\tFMOVE.%c\t%s%02ld%sA7),%s\n", t == CPP_TYPE_DOUBLE
      |                                      ~~~~^
      |                                          |
      |                                          long int
      |                                      %02d
 4600 |         ? 'D' : 'S', c1, offset<<2, c2, RegNamesUpper[ap->Args[i++].ArgReg]);
      |                          ~~~~~~~~~        
      |                                |
      |                                uint32 {aka unsigned int}
fd2pragma.c:4609:41: warning: format ‘%ld’ expects argument of type ‘long int’, but argument 3 has type ‘uint32’ {aka ‘unsigned int’} [-Wformat=]
 4609 |         DoOutput(/*(*/"\tMOVEM.L\t%s%02ld%sA7),%s", c1, (offset++)<<2, c2,
      |                                     ~~~~^               ~~~~~~~~~~~~~
      |                                         |                         |
      |                                         long int                  uint32 {aka unsigned int}
      |                                     %02d
fd2pragma.c:4622:42: warning: format ‘%ld’ expects argument of type ‘long int’, but argument 4 has type ‘uint32’ {aka ‘unsigned int’} [-Wformat=]
 4622 |         DoOutput(/*(*/"\tMOVE%s.L\t%s%02ld%sA7),%s\n",
      |                                      ~~~~^
      |                                          |
      |                                          long int
      |                                      %02d
 4623 |         ap->Args[i].ArgReg >= REG_A0 ? "A" : "", c1, (offset++)<<2, c2,
      |                                                      ~~~~~~~~~~~~~
      |                                                                |
      |                                                                uint32 {aka unsigned int}
fd2pragma.c:4632:37: warning: format ‘%ld’ expects argument of type ‘long int’, but argument 3 has type ‘uint32’ {aka ‘unsigned int’} [-Wformat=]
 4632 |         DoOutput(/*(*/"\tLEA\t%s%02ld%sA7),%s\n", c1, offset<<2, c2,
      |                                 ~~~~^                 ~~~~~~~~~
      |                                     |                       |
      |                                     long int                uint32 {aka unsigned int}
      |                                 %02d
fd2pragma.c:4635:51: warning: format ‘%ld’ expects argument of type ‘long int’, but argument 3 has type ‘uint32’ {aka ‘unsigned int’} [-Wformat=]
 4635 |         DoOutput("\tMOVE.L\tA7,%s\n\tADDQ.L\t#%02ld,%s\n",
      |                                               ~~~~^
      |                                                   |
      |                                                   long int
      |                                               %02d
 4636 |         RegNamesUpper[ap->Args[i].ArgReg],offset<<2,
      |                                           ~~~~~~~~~
      |                                                 |
      |                                                 uint32 {aka unsigned int}
fd2pragma.c:4639:35: warning: format ‘%ld’ expects argument of type ‘long int’, but argument 3 has type ‘uint32’ {aka ‘unsigned int’} [-Wformat=]
 4639 |         DoOutput(/*(*/"\tPEA\t%s%ld%sA7)\n\tMOVE.L\t(A7)+,%s\n",c1,
      |                                 ~~^
      |                                   |
      |                                   long int
      |                                 %d
 4640 |         offset<<2, c2,RegNamesUpper[ap->Args[i].ArgReg]);
      |         ~~~~~~~~~                  
      |               |
      |               uint32 {aka unsigned int}
fd2pragma.c:4666:42: warning: format ‘%ld’ expects argument of type ‘long int’, but argument 4 has type ‘uint32’ {aka ‘unsigned int’} [-Wformat=]
 4666 |         DoOutput(/*(*/"\tFMOVE.%c\t%s%02ld%sA7),%s\n", t == CPP_TYPE_DOUBLE ?
      |                                      ~~~~^
      |                                          |
      |                                          long int
      |                                      %02d
 4667 |         'D' : 'S', c1, offset<<2, c2, RegNamesUpper[ap->Args[--i].ArgReg]);
      |                        ~~~~~~~~~          
      |                              |
      |                              uint32 {aka unsigned int}
fd2pragma.c:4675:41: warning: format ‘%ld’ expects argument of type ‘long int’, but argument 3 has type ‘uint32’ {aka ‘unsigned int’} [-Wformat=]
 4675 |         DoOutput(/*(*/"\tMOVEM.L\t%s%02ld%sA7),%s", c1, (offset++)<<2, c2,
      |                                     ~~~~^               ~~~~~~~~~~~~~
      |                                         |                         |
      |                                         long int                  uint32 {aka unsigned int}
      |                                     %02d
fd2pragma.c:4689:42: warning: format ‘%ld’ expects argument of type ‘long int’, but argument 4 has type ‘uint32’ {aka ‘unsigned int’} [-Wformat=]
 4689 |         DoOutput(/*(*/"\tMOVE%s.L\t%s%02ld%sA7),%s\n",
      |                                      ~~~~^
      |                                          |
      |                                          long int
      |                                      %02d
 4690 |         ap->Args[i].ArgReg >= REG_A0 ? "A" : "", c1, (offset++)<<2, c2,
      |                                                      ~~~~~~~~~~~~~
      |                                                                |
      |                                                                uint32 {aka unsigned int}
fd2pragma.c:4707:9: warning: format not a string literal and no format arguments [-Wformat-security]
 4707 |         DoOutput(RegNamesUpper[REG_FP0 + i]);
      |         ^~~~~~~~
fd2pragma.c:4735:11: warning: format not a string literal and no format arguments [-Wformat-security]
 4735 |           DoOutput(RegNamesUpper[i]);
      |           ^~~~~~~~
fd2pragma.c: In function ‘FuncInlineDirect’:
fd2pragma.c:5623:30: warning: format ‘%ld’ expects argument of type ‘long int’, but argument 2 has type ‘int’ [-Wformat=]
 5623 |           DoOutput("move.l %ld(%s),%s\\n\\t", (i-maxargs)*4, RegNames[reg],
      |                            ~~^                ~~~~~~~~~~~~~
      |                              |                           |
      |                              long int                    int
      |                            %d
fd2pragma.c: In function ‘FuncInline’:
fd2pragma.c:5765:17: warning: format ‘%ld’ expects argument of type ‘long int’, but argument 5 has type ‘int32’ {aka ‘int’} [-Wformat=]
 5765 |        DoOutput("asm(\"\n"/*)*/
      |                 ^~~~~~~~~~
......
 5773 |        name, name, name, local, local+4);
      |                          ~~~~~
      |                          |
      |                          int32 {aka int}
fd2pragma.c:5770:22: note: format string is defined here
 5770 |        "\tstwu\t1,-%ld(1)\n" /* create stack frame */
      |                    ~~^
      |                      |
      |                      long int
      |                    %d
fd2pragma.c:5765:17: warning: format ‘%ld’ expects argument of type ‘long int’, but argument 6 has type ‘int’ [-Wformat=]
 5765 |        DoOutput("asm(\"\n"/*)*/
      |                 ^~~~~~~~~~
......
 5773 |        name, name, name, local, local+4);
      |                                 ~~~~~~~
      |                                      |
      |                                      int
fd2pragma.c:5772:20: note: format string is defined here
 5772 |        "\tstw\t0,%ld(1)\n",
      |                  ~~^
      |                    |
      |                    long int
      |                  %d
fd2pragma.c:5778:31: warning: format ‘%ld’ expects argument of type ‘long int’, but argument 2 has type ‘int’ [-Wformat=]
 5778 |          DoOutput("\tlwz\t0,%ld(1)\n", local+8); /* read ti_Data */
      |                             ~~^        ~~~~~~~
      |                               |             |
      |                               long int      int
      |                             %d
fd2pragma.c:5782:29: warning: format ‘%ld’ expects argument of type ‘long int’, but argument 2 has type ‘int’ [-Wformat=]
 5782 |          DoOutput("\tstw\t%ld,%ld(1)\n", i+2, (i-ap->NumArgs) * 4+tagl);
      |                           ~~^            ~~~
      |                             |             |
      |                             long int      int
      |                           %d
fd2pragma.c:5782:33: warning: format ‘%ld’ expects argument of type ‘long int’, but argument 3 has type ‘int32’ {aka ‘int’} [-Wformat=]
 5782 |          DoOutput("\tstw\t%ld,%ld(1)\n", i+2, (i-ap->NumArgs) * 4+tagl);
      |                               ~~^             ~~~~~~~~~~~~~~~~~~~~~~~~
      |                                 |                                |
      |                                 long int                         int32 {aka int}
      |                               %d
fd2pragma.c:5785:31: warning: format ‘%ld’ expects argument of type ‘long int’, but argument 2 has type ‘int’ [-Wformat=]
 5785 |          DoOutput("\tstw\t0,%ld(1)\n", tagl+n * 4); /* write ti_Data */
      |                             ~~^        ~~~~~~~~~~
      |                               |            |
      |                               long int     int
      |                             %d
fd2pragma.c:5788:17: warning: format ‘%ld’ expects argument of type ‘long int’, but argument 2 has type ‘int32’ {aka ‘int’} [-Wformat=]
 5788 |        DoOutput("\tli\t0,2\n"
      |                 ^~~~~~~~~~~~~
......
 5792 |        tagl+n * 4+d, local+8+d, tagl+n * 4+d+4);
      |        ~~~~~~~~~~~~
      |                  |
      |                  int32 {aka int}
fd2pragma.c:5789:20: note: format string is defined here
 5789 |        "\tstw\t0,%ld(1)\n" /* add TAG_MORE */
      |                  ~~^
      |                    |
      |                    long int
      |                  %d
fd2pragma.c:5788:17: warning: format ‘%ld’ expects argument of type ‘long int’, but argument 3 has type ‘int32’ {aka ‘int’} [-Wformat=]
 5788 |        DoOutput("\tli\t0,2\n"
      |                 ^~~~~~~~~~~~~
......
 5792 |        tagl+n * 4+d, local+8+d, tagl+n * 4+d+4);
      |                      ~~~~~~~~~
      |                             |
      |                             int32 {aka int}
fd2pragma.c:5790:23: note: format string is defined here
 5790 |        "\taddi\t0,1,%ld\n"
      |                     ~~^
      |                       |
      |                       long int
      |                     %d
fd2pragma.c:5788:17: warning: format ‘%ld’ expects argument of type ‘long int’, but argument 4 has type ‘int’ [-Wformat=]
 5788 |        DoOutput("\tli\t0,2\n"
      |                 ^~~~~~~~~~~~~
......
 5792 |        tagl+n * 4+d, local+8+d, tagl+n * 4+d+4);
      |                                 ~~~~~~~~~~~~~~
      |                                             |
      |                                             int
fd2pragma.c:5791:20: note: format string is defined here
 5791 |        "\tstw\t0,%ld(1)\n", /* ti_Data=&stack_params */
      |                  ~~^
      |                    |
      |                    long int
      |                  %d
fd2pragma.c:5796:35: warning: format ‘%ld’ expects argument of type ‘long int’, but argument 3 has type ‘int32’ {aka ‘int’} [-Wformat=]
 5796 |          DoOutput("\taddi\t%d,1,%ld\n" /* vararg_reg=&saved regs */
      |                                 ~~^
      |                                   |
      |                                   long int
      |                                 %d
 5797 |          "\tbl\t%s\n", ap->NumArgs+2, tagl, name);
      |                                       ~~~~
      |                                       |
      |                                       int32 {aka int}
fd2pragma.c:5814:31: warning: format ‘%ld’ expects argument of type ‘long int’, but argument 2 has type ‘int’ [-Wformat=]
 5814 |            DoOutput("\tstw\t%ld,%d(1)\n", i+3, 8+4+(ap->Args[i].ArgReg * 4));
      |                             ~~^           ~~~
      |                               |            |
      |                               long int     int
      |                             %d
fd2pragma.c:5817:34: warning: format ‘%ld’ expects argument of type ‘long int’, but argument 2 has type ‘int32’ {aka ‘int’} [-Wformat=]
 5817 |          DoOutput("\taddi\t0,1,%ld\n"
      |                                ~~^
      |                                  |
      |                                  long int
      |                                %d
......
 5826 |          tagl, BaseName, 12+(4 * ap->Args[i].ArgReg), BaseName);
      |          ~~~~                     
      |          |
      |          int32 {aka int}
fd2pragma.c:5828:28: warning: format ‘%ld’ expects argument of type ‘long int’, but argument 2 has type ‘int’ [-Wformat=]
 5828 |       DoOutput("\tlwz\t0,%ld(1)\n" /* clear stack frame & return */
      |                          ~~^
      |                            |
      |                            long int
      |                          %d
......
 5832 |       /*(*/"\t.size\t%s,$-%s\n\");\n\n", local+4, local, name, name);
      |                                          ~~~~~~~
      |                                               |
      |                                               int
fd2pragma.c:5828:16: warning: format ‘%ld’ expects argument of type ‘long int’, but argument 3 has type ‘int32’ {aka ‘int’} [-Wformat=]
 5828 |       DoOutput("\tlwz\t0,%ld(1)\n" /* clear stack frame & return */
      |                ^~~~~~~~~~~~~~~~~~~
......
 5832 |       /*(*/"\t.size\t%s,$-%s\n\");\n\n", local+4, local, name, name);
      |                                                   ~~~~~
      |                                                   |
      |                                                   int32 {aka int}
fd2pragma.c:5830:22: note: format string is defined here
 5830 |       "\taddi\t1,1,%ld\n"
      |                    ~~^
      |                      |
      |                      long int
      |                    %d
fd2pragma.c: In function ‘FuncBMAP’:
fd2pragma.c:6513:3: warning: format not a string literal and no format arguments [-Wformat-security]
 6513 |   DoOutput(name);
      |   ^~~~~~~~
fd2pragma.c: In function ‘FuncVBCCMorphInline’:
fd2pragma.c:6910:35: warning: format ‘%ld’ expects argument of type ‘long int’, but argument 3 has type ‘int’ [-Wformat=]
 6910 |       DoOutput("\t\"\\taddi\\t%s%ld,%s1,8\\n\"\n",
      |                                 ~~^
      |                                   |
      |                                   long int
      |                                 %d
 6911 |       PPCRegPrefix,3+k+1,PPCRegPrefix);
      |                    ~~~~~           
      |                       |
      |                       int
fd2pragma.c:6929:35: warning: format ‘%ld’ expects argument of type ‘long int’, but argument 3 has type ‘int’ [-Wformat=]
 6929 |       DoOutput("\t\"\\taddi\\t%s%ld,%s1,8\\n\"\n",
      |                                 ~~^
      |                                   |
      |                                   long int
      |                                 %d
 6930 |       PPCRegPrefix,3+k+1,PPCRegPrefix);
      |                    ~~~~~           
      |                       |
      |                       int
fd2pragma.c:6943:34: warning: format ‘%ld’ expects argument of type ‘long int’, but argument 3 has type ‘int32’ {aka ‘int’} [-Wformat=]
 6943 |       DoOutput("\t\"\\tstw\\t%s%ld,56(%s2)\\n\"\n", PPCRegPrefix, k++,
      |                                ~~^                                ~~~
      |                                  |                                 |
      |                                  long int                          int32 {aka int}
      |                                %d
fd2pragma.c:6964:38: warning: format ‘%ld’ expects argument of type ‘long int’, but argument 3 has type ‘int32’ {aka ‘int’} [-Wformat=]
 6964 |           DoOutput("\t\"\\tstw\\t%s%ld,", PPCRegPrefix, k++);
      |                                    ~~^                  ~~~
      |                                      |                   |
      |                                      long int            int32 {aka int}
      |                                    %d
fd2pragma.c:6966:41: warning: format ‘%ld’ expects argument of type ‘long int’, but argument 3 has type ‘int’ [-Wformat=]
 6966 |           DoOutput("\t\"\\tlwz\\t%s11,%ld(%s1)\\n\"\n\t\"\\tstw\\t%s11,",
      |                                       ~~^
      |                                         |
      |                                         long int
      |                                       %d
 6967 |           PPCRegPrefix, 8+(k++-11)*4, PPCRegPrefix, PPCRegPrefix);
      |                         ~~~~~~~~~~~~     
      |                          |
      |                          int
fd2pragma.c:6971:44: warning: format ‘%ld’ expects argument of type ‘long int’, but argument 5 has type ‘int’ [-Wformat=]
 6971 |         DoOutput("\t\"\\taddi\\t%s%d,%s1,%ld\\n\"\n\t\"\\tstw\\t%s%d,",
      |                                          ~~^
      |                                            |
      |                                            long int
      |                                          %d
 6972 |         PPCRegPrefix, ofs, PPCRegPrefix, (2+k+fix-11)*4, PPCRegPrefix, ofs);
      |                                          ~~~~~~~~~~~~~~
      |                                                      |
      |                                                      int
fd2pragma.c: In function ‘FuncVBCCWOSText’:
fd2pragma.c:7130:64: warning: format ‘%ld’ expects argument of type ‘long int’, but argument 6 has type ‘uint32’ {aka ‘unsigned int’} [-Wformat=]
 7130 |       DoOutput("\tmflr\t%s0\n\tstw\t%s0,8(%s1)\n\tstwu\t%s1,-%ld(%s1)\n",
      |                                                              ~~^
      |                                                                |
      |                                                                long int
      |                                                              %d
 7131 |       PPCRegPrefix, PPCRegPrefix, PPCRegPrefix, PPCRegPrefix, i, PPCRegPrefix);
      |                                                               ~ 
      |                                                               |
      |                                                               uint32 {aka unsigned int}
fd2pragma.c:7138:31: warning: format ‘%ld’ expects argument of type ‘long int’, but argument 3 has type ‘uint32’ {aka ‘unsigned int’} [-Wformat=]
 7138 |         DoOutput("\tstmw\t%s%ld,%ld(%s1)\n\tlmw\t%s%ld,%ld(%s1)\n",
      |                             ~~^
      |                               |
      |                               long int
      |                             %d
 7139 |         PPCRegPrefix, k, 56+(count-8)*4, PPCRegPrefix, PPCRegPrefix, k,
      |                       ~        
      |                       |
      |                       uint32 {aka unsigned int}
fd2pragma.c:7138:35: warning: format ‘%ld’ expects argument of type ‘long int’, but argument 4 has type ‘uint32’ {aka ‘unsigned int’} [-Wformat=]
 7138 |         DoOutput("\tstmw\t%s%ld,%ld(%s1)\n\tlmw\t%s%ld,%ld(%s1)\n",
      |                                 ~~^
      |                                   |
      |                                   long int
      |                                 %d
 7139 |         PPCRegPrefix, k, 56+(count-8)*4, PPCRegPrefix, PPCRegPrefix, k,
      |                          ~~~~~~~~~~~~~~
      |                            |
      |                            uint32 {aka unsigned int}
fd2pragma.c:7138:54: warning: format ‘%ld’ expects argument of type ‘long int’, but argument 7 has type ‘uint32’ {aka ‘unsigned int’} [-Wformat=]
 7138 |         DoOutput("\tstmw\t%s%ld,%ld(%s1)\n\tlmw\t%s%ld,%ld(%s1)\n",
      |                                                    ~~^
      |                                                      |
      |                                                      long int
      |                                                    %d
 7139 |         PPCRegPrefix, k, 56+(count-8)*4, PPCRegPrefix, PPCRegPrefix, k,
      |                                                                      ~
      |                                                                      |
      |                                                                      uint32 {aka unsigned int}
fd2pragma.c:7138:58: warning: format ‘%ld’ expects argument of type ‘long int’, but argument 8 has type ‘uint32’ {aka ‘unsigned int’} [-Wformat=]
 7138 |         DoOutput("\tstmw\t%s%ld,%ld(%s1)\n\tlmw\t%s%ld,%ld(%s1)\n",
      |                                                        ~~^
      |                                                          |
      |                                                          long int
      |                                                        %d
 7139 |         PPCRegPrefix, k, 56+(count-8)*4, PPCRegPrefix, PPCRegPrefix, k,
 7140 |         i+56, PPCRegPrefix);
      |         ~~~~                                              
      |          |
      |          uint32 {aka unsigned int}
fd2pragma.c:7142:40: warning: format ‘%ld’ expects argument of type ‘long int’, but argument 4 has type ‘uint32’ {aka ‘unsigned int’} [-Wformat=]
 7142 |           DoOutput("\taddi\t%s31,%s1,%ld\n", PPCRegPrefix, PPCRegPrefix,
      |                                      ~~^
      |                                        |
      |                                        long int
      |                                      %d
 7143 |           i+20+count*4);
      |           ~~~~~~~~~~~~                  
      |               |
      |               uint32 {aka unsigned int}
fd2pragma.c:7144:31: warning: format ‘%ld’ expects argument of type ‘long int’, but argument 3 has type ‘uint32’ {aka ‘unsigned int’} [-Wformat=]
 7144 |         DoOutput("\tstmw\t%s%ld,56(%s1)\n", PPCRegPrefix, k, PPCRegPrefix);
      |                             ~~^                           ~
      |                               |                           |
      |                               long int                    uint32 {aka unsigned int}
      |                             %d
fd2pragma.c:7148:31: warning: format ‘%ld’ expects argument of type ‘long int’, but argument 3 has type ‘uint32’ {aka ‘unsigned int’} [-Wformat=]
 7148 |         DoOutput("\taddi\t%s%ld,%s1,%ld\n", PPCRegPrefix, count+3,
      |                             ~~^                           ~~~~~~~
      |                               |                                |
      |                               long int                         uint32 {aka unsigned int}
      |                             %d
fd2pragma.c:7148:39: warning: format ‘%ld’ expects argument of type ‘long int’, but argument 5 has type ‘uint32’ {aka ‘unsigned int’} [-Wformat=]
 7148 |         DoOutput("\taddi\t%s%ld,%s1,%ld\n", PPCRegPrefix, count+3,
      |                                     ~~^
      |                                       |
      |                                       long int
      |                                     %d
 7149 |         PPCRegPrefix, i+20+count*4);
      |                       ~~~~~~~~~~~~     
      |                           |
      |                           uint32 {aka unsigned int}
fd2pragma.c:7157:64: warning: format ‘%ld’ expects argument of type ‘long int’, but argument 6 has type ‘uint32’ {aka ‘unsigned int’} [-Wformat=]
 7157 |       DoOutput("\tmflr\t%s0\n\tstw\t%s0,8(%s1)\n\tstwu\t%s1,-%ld(%s1)\n",
      |                                                              ~~^
      |                                                                |
      |                                                                long int
      |                                                              %d
 7158 |       PPCRegPrefix, PPCRegPrefix, PPCRegPrefix, PPCRegPrefix, i, PPCRegPrefix);
      |                                                               ~ 
      |                                                               |
      |                                                               uint32 {aka unsigned int}
fd2pragma.c:7167:42: warning: format ‘%ld’ expects argument of type ‘long int’, but argument 4 has type ‘uint32’ {aka ‘unsigned int’} [-Wformat=]
 7167 |             DoOutput("\taddi\t%s10,%s1,%ld\n", PPCRegPrefix, PPCRegPrefix,
      |                                        ~~^
      |                                          |
      |                                          long int
      |                                        %d
 7168 |             i+20+count*4);
      |             ~~~~~~~~~~~~                  
      |                 |
      |                 uint32 {aka unsigned int}
fd2pragma.c:7175:33: warning: format ‘%ld’ expects argument of type ‘long int’, but argument 3 has type ‘uint32’ {aka ‘unsigned int’} [-Wformat=]
 7175 |           DoOutput("\tstmw\t%s%ld,%ld(%s1)\n"
      |                               ~~^
      |                                 |
      |                                 long int
      |                               %d
......
 7178 |                    PPCRegPrefix, k, 56+(count-7)*4, PPCRegPrefix,
      |                                  ~
      |                                  |
      |                                  uint32 {aka unsigned int}
fd2pragma.c:7175:37: warning: format ‘%ld’ expects argument of type ‘long int’, but argument 4 has type ‘uint32’ {aka ‘unsigned int’} [-Wformat=]
 7175 |           DoOutput("\tstmw\t%s%ld,%ld(%s1)\n"
      |                                   ~~^
      |                                     |
      |                                     long int
      |                                   %d
......
 7178 |                    PPCRegPrefix, k, 56+(count-7)*4, PPCRegPrefix,
      |                                     ~~~~~~~~~~~~~~
      |                                       |
      |                                       uint32 {aka unsigned int}
fd2pragma.c:7175:20: warning: format ‘%ld’ expects argument of type ‘long int’, but argument 7 has type ‘uint32’ {aka ‘unsigned int’} [-Wformat=]
 7175 |           DoOutput("\tstmw\t%s%ld,%ld(%s1)\n"
      |                    ^~~~~~~~~~~~~~~~~~~~~~~~~~
......
 7179 |                    PPCRegPrefix, k, PPCRegPrefix, PPCRegPrefix, k+1,
      |                                  ~
      |                                  |
      |                                  uint32 {aka unsigned int}
fd2pragma.c:7176:31: note: format string is defined here
 7176 |                    "\tmr\t%s%ld,%s10\n"
      |                             ~~^
      |                               |
      |                               long int
      |                             %d
fd2pragma.c:7175:20: warning: format ‘%ld’ expects argument of type ‘long int’, but argument 10 has type ‘uint32’ {aka ‘unsigned int’} [-Wformat=]
 7175 |           DoOutput("\tstmw\t%s%ld,%ld(%s1)\n"
      |                    ^~~~~~~~~~~~~~~~~~~~~~~~~~
......
 7179 |                    PPCRegPrefix, k, PPCRegPrefix, PPCRegPrefix, k+1,
      |                                                                 ~~~
      |                                                                  |
      |                                                                  uint32 {aka unsigned int}
fd2pragma.c:7177:32: note: format string is defined here
 7177 |                    "\tlmw\t%s%ld,%ld(%s1)\n",
      |                              ~~^
      |                                |
      |                                long int
      |                              %d
fd2pragma.c:7175:20: warning: format ‘%ld’ expects argument of type ‘long int’, but argument 11 has type ‘uint32’ {aka ‘unsigned int’} [-Wformat=]
 7175 |           DoOutput("\tstmw\t%s%ld,%ld(%s1)\n"
      |                    ^~~~~~~~~~~~~~~~~~~~~~~~~~
......
 7180 |                    i+56, PPCRegPrefix);
      |                    ~~~~
      |                     |
      |                     uint32 {aka unsigned int}
fd2pragma.c:7177:36: note: format string is defined here
 7177 |                    "\tlmw\t%s%ld,%ld(%s1)\n",
      |                                  ~~^
      |                                    |
      |                                    long int
      |                                  %d
fd2pragma.c:7182:42: warning: format ‘%ld’ expects argument of type ‘long int’, but argument 4 has type ‘uint32’ {aka ‘unsigned int’} [-Wformat=]
 7182 |             DoOutput("\taddi\t%s31,%s1,%ld\n", PPCRegPrefix,
      |                                        ~~^
      |                                          |
      |                                          long int
      |                                        %d
 7183 |             PPCRegPrefix, i+20+count*4);
      |                           ~~~~~~~~~~~~    
      |                               |
      |                               uint32 {aka unsigned int}
fd2pragma.c:7184:33: warning: format ‘%ld’ expects argument of type ‘long int’, but argument 3 has type ‘uint32’ {aka ‘unsigned int’} [-Wformat=]
 7184 |           DoOutput("\tstmw\t%s%ld,56(%s1)\n", PPCRegPrefix, k, PPCRegPrefix);
      |                               ~~^                           ~
      |                                 |                           |
      |                                 long int                    uint32 {aka unsigned int}
      |                               %d
fd2pragma.c:7189:31: warning: format ‘%ld’ expects argument of type ‘long int’, but argument 3 has type ‘uint32’ {aka ‘unsigned int’} [-Wformat=]
 7189 |         DoOutput("\taddi\t%s%ld,%s1,%ld\n", PPCRegPrefix, count+3,
      |                             ~~^                           ~~~~~~~
      |                               |                                |
      |                               long int                         uint32 {aka unsigned int}
      |                             %d
fd2pragma.c:7189:39: warning: format ‘%ld’ expects argument of type ‘long int’, but argument 5 has type ‘uint32’ {aka ‘unsigned int’} [-Wformat=]
 7189 |         DoOutput("\taddi\t%s%ld,%s1,%ld\n", PPCRegPrefix, count+3,
      |                                     ~~^
      |                                       |
      |                                       long int
      |                                     %d
 7190 |         PPCRegPrefix, i+20+count*4);
      |                       ~~~~~~~~~~~~     
      |                           |
      |                           uint32 {aka unsigned int}
fd2pragma.c:7196:29: warning: format ‘%ld’ expects argument of type ‘long int’, but argument 3 has type ‘uint32’ {aka ‘unsigned int’} [-Wformat=]
 7196 |         DoOutput("\tmr\t%s%ld,%s%ld\n", PPCRegPrefix, 3+k, PPCRegPrefix, 2+k);
      |                           ~~^                         ~~~
      |                             |                          |
      |                             long int                   uint32 {aka unsigned int}
      |                           %d
fd2pragma.c:7196:35: warning: format ‘%ld’ expects argument of type ‘long int’, but argument 5 has type ‘uint32’ {aka ‘unsigned int’} [-Wformat=]
 7196 |         DoOutput("\tmr\t%s%ld,%s%ld\n", PPCRegPrefix, 3+k, PPCRegPrefix, 2+k);
      |                                 ~~^                                      ~~~
      |                                   |                                       |
      |                                   long int                                uint32 {aka unsigned int}
      |                                 %d
fd2pragma.c:7210:28: warning: format ‘%ld’ expects argument of type ‘long int’, but argument 3 has type ‘uint32’ {aka ‘unsigned int’} [-Wformat=]
 7210 |       DoOutput("\tlmw\t%s%ld,%ld(%s1)\n", PPCRegPrefix, 32-(count-k),
      |                          ~~^                            ~~~~~~~~~~~~
      |                            |                              |
      |                            long int                       uint32 {aka unsigned int}
      |                          %d
fd2pragma.c:7210:32: warning: format ‘%ld’ expects argument of type ‘long int’, but argument 4 has type ‘uint32’ {aka ‘unsigned int’} [-Wformat=]
 7210 |       DoOutput("\tlmw\t%s%ld,%ld(%s1)\n", PPCRegPrefix, 32-(count-k),
      |                              ~~^
      |                                |
      |                                long int
      |                              %d
 7211 |       56+(count-k)*4, PPCRegPrefix);
      |       ~~~~~~~~~~~~~~            
      |         |
      |         uint32 {aka unsigned int}
fd2pragma.c:7214:33: warning: format ‘%ld’ expects argument of type ‘long int’, but argument 4 has type ‘uint32’ {aka ‘unsigned int’} [-Wformat=]
 7214 |     DoOutput("\taddi\t%s1,%s1,%ld\n\tlwz\t%s0,8(%s1)\n\tmtlr\t%s0\n\tblr\n",
      |                               ~~^
      |                                 |
      |                                 long int
      |                               %d
 7215 |     PPCRegPrefix, PPCRegPrefix, i, PPCRegPrefix, PPCRegPrefix, PPCRegPrefix);
      |                                 ~
      |                                 |
      |                                 uint32 {aka unsigned int}
fd2pragma.c:7248:32: warning: format ‘%ld’ expects argument of type ‘long int’, but argument 3 has type ‘uint32’ {aka ‘unsigned int’} [-Wformat=]
 7248 |           DoOutput("\tstw\t%s%ld,0x20(%s1)\n", PPCRegPrefix, i+3+ofs,
      |                              ~~^                             ~~~~~~~
      |                                |                                |
      |                                long int                         uint32 {aka unsigned int}
      |                              %d
fd2pragma.c:7250:30: warning: format ‘%ld’ expects argument of type ‘long int’, but argument 3 has type ‘uint32’ {aka ‘unsigned int’} [-Wformat=]
 7250 |         DoOutput("\tstw\t%s%ld,", PPCRegPrefix, i+3+ofs);
      |                            ~~^                  ~~~~~~~
      |                              |                     |
      |                              long int              uint32 {aka unsigned int}
      |                            %d
fd2pragma.c:7254:33: warning: format ‘%ld’ expects argument of type ‘long int’, but argument 3 has type ‘uint32’ {aka ‘unsigned int’} [-Wformat=]
 7254 |         DoOutput("\tlwz\t%s11,%ld(%s1)\n", PPCRegPrefix, (i+1+ofs)*4+196,
      |                               ~~^                        ~~~~~~~~~~~~~~~
      |                                 |                                   |
      |                                 long int                            uint32 {aka unsigned int}
      |                               %d
fd2pragma.c:7265:30: warning: format ‘%ld’ expects argument of type ‘long int’, but argument 3 has type ‘uint32’ {aka ‘unsigned int’} [-Wformat=]
 7265 |         DoOutput("\tstw\t%s%ld,%ld(%s1)\n", PPCRegPrefix, i+3+ofs,
      |                            ~~^                            ~~~~~~~
      |                              |                               |
      |                              long int                        uint32 {aka unsigned int}
      |                            %d
fd2pragma.c:7265:34: warning: format ‘%ld’ expects argument of type ‘long int’, but argument 4 has type ‘uint32’ {aka ‘unsigned int’} [-Wformat=]
 7265 |         DoOutput("\tstw\t%s%ld,%ld(%s1)\n", PPCRegPrefix, i+3+ofs,
      |                                ~~^
      |                                  |
      |                                  long int
      |                                %d
 7266 |         0xC4+(ap->NumArgs+ofs)*4, PPCRegPrefix);
      |         ~~~~~~~~~~~~~~~~~~~~~~~~  
      |             |
      |             uint32 {aka unsigned int}
fd2pragma.c:7267:36: warning: format ‘%ld’ expects argument of type ‘long int’, but argument 4 has type ‘uint32’ {aka ‘unsigned int’} [-Wformat=]
 7267 |       DoOutput("\taddi\t%s11,%s1,%ld\n\tstw\t%s11,", PPCRegPrefix,
      |                                  ~~^
      |                                    |
      |                                    long int
      |                                  %d
 7268 |       PPCRegPrefix, 0xC4+(ap->NumArgs+ofs)*4, PPCRegPrefix);
      |                     ~~~~~~~~~~~~~~~~~~~~~~~~
      |                         |
      |                         uint32 {aka unsigned int}
fd2pragma.c: In function ‘FuncVBCCPUPText’:
fd2pragma.c:7636:28: warning: format ‘%ld’ expects argument of type ‘long int’, but argument 3 has type ‘int32’ {aka ‘int’} [-Wformat=]
 7636 |       DoOutput("\tstw\t%s%ld,%ld(%s1)\n", PPCRegPrefix, i, 104+4*(i-3),
      |                          ~~^                            ~
      |                            |                            |
      |                            long int                     int32 {aka int}
      |                          %d
fd2pragma.c:7636:32: warning: format ‘%ld’ expects argument of type ‘long int’, but argument 4 has type ‘int’ [-Wformat=]
 7636 |       DoOutput("\tstw\t%s%ld,%ld(%s1)\n", PPCRegPrefix, i, 104+4*(i-3),
      |                              ~~^                           ~~~~~~~~~~~
      |                                |                              |
      |                                long int                       int
      |                              %d
fd2pragma.c:7648:30: warning: format ‘%ld’ expects argument of type ‘long int’, but argument 3 has type ‘int’ [-Wformat=]
 7648 |         DoOutput("\tstw\t%s%ld,", PPCRegPrefix, i+3);
      |                            ~~^                  ~~~
      |                              |                   |
      |                              long int            int
      |                            %d
fd2pragma.c:7650:33: warning: format ‘%ld’ expects argument of type ‘long int’, but argument 3 has type ‘int’ [-Wformat=]
 7650 |         DoOutput("\tlwz\t%s11,%ld(%s1)\n\tstw\t%s11,", PPCRegPrefix,
      |                               ~~^
      |                                 |
      |                                 long int
      |                               %d
 7651 |         100+(i+1-8)*4, PPCRegPrefix, PPCRegPrefix);
      |         ~~~~~~~~~~~~~            
      |            |
      |            int
fd2pragma.c: In function ‘FuncVBCCPUPCode’:
fd2pragma.c:7937:3: warning: format not a string literal and no format arguments [-Wformat-security]
 7937 |   sprintf((strptr)data+i, name); while(data[i++]) ; /* get next store space */
      |   ^~~~~~~
fd2pragma.c:7955:5: warning: format not a string literal and no format arguments [-Wformat-security]
 7955 |     sprintf((strptr)data+i, BaseName); while(data[i++]) ; /* get next store space */
      |     ^~~~~~~
fd2pragma.c:7994:41: warning: format ‘%lu’ expects argument of type ‘long unsigned int’, but argument 3 has type ‘unsigned int’ [-Wformat=]
 7994 |   arh->ar_time[sprintf(arh->ar_time, "%lu", (uint32) time(0))] = ' ';
      |                                       ~~^   ~~~~~~~~~~~~~~~~
      |                                         |   |
      |                                         |   unsigned int
      |                                         long unsigned int
      |                                       %u
fd2pragma.c:8003:46: warning: format ‘%ld’ expects argument of type ‘long int’, but argument 3 has type ‘int32’ {aka ‘int’} [-Wformat=]
 8003 |     arh->ar_name[sprintf(arh->ar_name, "#1/%ld", k)] = ' ';
      |                                            ~~^   ~
      |                                              |   |
      |                                              |   int32 {aka int}
      |                                              long int
      |                                            %d
fd2pragma.c: In function ‘FuncVBCCMorphText’:
fd2pragma.c:8114:9: warning: format ‘%ld’ expects argument of type ‘long int’, but argument 4 has type ‘int32’ {aka ‘int’} [-Wformat=]
 8114 |         "\tmflr\t%s0\n"
      |         ^~~~~~~~~~~~~~~
......
 8117 |         PPCRegPrefix, PPCRegPrefix, stcksize, PPCRegPrefix,
      |                                     ~~~~~~~~
      |                                     |
      |                                     int32 {aka int}
fd2pragma.c:8115:25: note: format string is defined here
 8115 |         "\tstwu\t%s1,-%ld(%s1)\n"
      |                       ~~^
      |                         |
      |                         long int
      |                       %d
fd2pragma.c:8114:9: warning: format ‘%ld’ expects argument of type ‘long int’, but argument 7 has type ‘int’ [-Wformat=]
 8114 |         "\tmflr\t%s0\n"
      |         ^~~~~~~~~~~~~~~
......
 8118 |         PPCRegPrefix, stcksize+4, PPCRegPrefix);
      |                       ~~~~~~~~~~
      |                               |
      |                               int
fd2pragma.c:8116:23: note: format string is defined here
 8116 |         "\tstw\t%s0,%ld(%s1)\n",
      |                     ~~^
      |                       |
      |                       long int
      |                     %d
fd2pragma.c:8130:32: warning: format ‘%ld’ expects argument of type ‘long int’, but argument 3 has type ‘int’ [-Wformat=]
 8130 |       DoOutput("\tstwu\t%s1,-%ld(%s1)\n"
      |                              ~~^
      |                                |
      |                                long int
      |                              %d
 8131 |                "\tmflr\t%s0\n",
 8132 |       PPCRegPrefix, stcksize+nrcopyar*4, PPCRegPrefix, PPCRegPrefix);
      |                     ~~~~~~~~~~~~~~~~~~~
      |                             |
      |                             int
fd2pragma.c:8142:31: warning: format ‘%ld’ expects argument of type ‘long int’, but argument 3 has type ‘int’ [-Wformat=]
 8142 |       DoOutput("\tlwz\t%s11,%ld(%s1)\n\tstw\t%s11,%ld(%s1)\n", PPCRegPrefix,
      |                             ~~^
      |                               |
      |                               long int
      |                             %d
 8143 |       stcksize+nrcopyar*4, PPCRegPrefix, PPCRegPrefix, stcksize, PPCRegPrefix);
      |       ~~~~~~~~~~~~~~~~~~~      
      |               |
      |               int
fd2pragma.c:8142:53: warning: format ‘%ld’ expects argument of type ‘long int’, but argument 6 has type ‘int32’ {aka ‘int’} [-Wformat=]
 8142 |       DoOutput("\tlwz\t%s11,%ld(%s1)\n\tstw\t%s11,%ld(%s1)\n", PPCRegPrefix,
      |                                                   ~~^
      |                                                     |
      |                                                     long int
      |                                                   %d
 8143 |       stcksize+nrcopyar*4, PPCRegPrefix, PPCRegPrefix, stcksize, PPCRegPrefix);
      |                                                        ~~~~~~~~
      |                                                        |
      |                                                        int32 {aka int}
fd2pragma.c:8150:30: warning: format ‘%ld’ expects argument of type ‘long int’, but argument 3 has type ‘int32’ {aka ‘int’} [-Wformat=]
 8150 |         DoOutput("\tstw\t%s%ld,%ld(%s1)\n", PPCRegPrefix, i,
      |                            ~~^                            ~
      |                              |                            |
      |                              long int                     int32 {aka int}
      |                            %d
fd2pragma.c:8150:34: warning: format ‘%ld’ expects argument of type ‘long int’, but argument 4 has type ‘int’ [-Wformat=]
 8150 |         DoOutput("\tstw\t%s%ld,%ld(%s1)\n", PPCRegPrefix, i,
      |                                ~~^
      |                                  |
      |                                  long int
      |                                %d
 8151 |         stcksize+4*(i-1+nrcopyar-8),PPCRegPrefix);
      |         ~~~~~~~~~~~~~~~~~~~~~~~~~~~
      |                 |
      |                 int
fd2pragma.c:8162:33: warning: format ‘%ld’ expects argument of type ‘long int’, but argument 3 has type ‘int32’ {aka ‘int’} [-Wformat=]
 8162 |             DoOutput("\tmr\t%s%ld,%s%ld\n",PPCRegPrefix, 3+i, PPCRegPrefix,
      |                               ~~^                        ~~~
      |                                 |                         |
      |                                 long int                  int32 {aka int}
      |                               %d
fd2pragma.c:8162:39: warning: format ‘%ld’ expects argument of type ‘long int’, but argument 5 has type ‘int’ [-Wformat=]
 8162 |             DoOutput("\tmr\t%s%ld,%s%ld\n",PPCRegPrefix, 3+i, PPCRegPrefix,
      |                                     ~~^
      |                                       |
      |                                       long int
      |                                     %d
 8163 |             3+i-1);
      |             ~~~~~                      
      |                |
      |                int
fd2pragma.c:8171:37: warning: format ‘%ld’ expects argument of type ‘long int’, but argument 3 has type ‘int’ [-Wformat=]
 8171 |             DoOutput("\tlwz\t%s11,%ld(%s1)\n\tstw\t%s11,%ld(%s1)\n",
      |                                   ~~^
      |                                     |
      |                                     long int
      |                                   %d
 8172 |             PPCRegPrefix, stcksize+((i-8)+3)*4, PPCRegPrefix, PPCRegPrefix,
      |                           ~~~~~~~~~~~~~~~~~~~~
      |                                   |
      |                                   int
fd2pragma.c:8171:59: warning: format ‘%ld’ expects argument of type ‘long int’, but argument 6 has type ‘int’ [-Wformat=]
 8171 |             DoOutput("\tlwz\t%s11,%ld(%s1)\n\tstw\t%s11,%ld(%s1)\n",
      |                                                         ~~^
      |                                                           |
      |                                                           long int
      |                                                         %d
 8172 |             PPCRegPrefix, stcksize+((i-8)+3)*4, PPCRegPrefix, PPCRegPrefix,
 8173 |             ((i-8)+3)*4, PPCRegPrefix);
      |             ~~~~~~~~~~~                                    
      |                      |
      |                      int
fd2pragma.c:8182:31: warning: format ‘%ld’ expects argument of type ‘long int’, but argument 3 has type ‘int32’ {aka ‘int’} [-Wformat=]
 8182 |           DoOutput("\tmr\t%s%ld,%s%ld\n",PPCRegPrefix, i, PPCRegPrefix, i-1);
      |                             ~~^                        ~
      |                               |                        |
      |                               long int                 int32 {aka int}
      |                             %d
fd2pragma.c:8182:37: warning: format ‘%ld’ expects argument of type ‘long int’, but argument 5 has type ‘int’ [-Wformat=]
 8182 |           DoOutput("\tmr\t%s%ld,%s%ld\n",PPCRegPrefix, i, PPCRegPrefix, i-1);
      |                                   ~~^                                   ~~~
      |                                     |                                    |
      |                                     long int                             int
      |                                   %d
fd2pragma.c:8189:30: warning: format ‘%ld’ expects argument of type ‘long int’, but argument 3 has type ‘int’ [-Wformat=]
 8189 |       DoOutput("\tstw\t%s0,%ld(%s1)\n", PPCRegPrefix, stcksize+4, PPCRegPrefix);
      |                            ~~^                        ~~~~~~~~~~
      |                              |                                |
      |                              long int                         int
      |                            %d
fd2pragma.c:8194:30: warning: format ‘%ld’ expects argument of type ‘long int’, but argument 3 has type ‘int32’ {aka ‘int’} [-Wformat=]
 8194 |         DoOutput("\tlwz\t%s%ld,%s@sdarx(%s13)\n", PPCRegPrefix, basereg,
      |                            ~~^                                  ~~~~~~~
      |                              |                                  |
      |                              long int                           int32 {aka int}
      |                            %d
fd2pragma.c:8197:30: warning: format ‘%ld’ expects argument of type ‘long int’, but argument 3 has type ‘int32’ {aka ‘int’} [-Wformat=]
 8197 |         DoOutput("\tlis\t%s%ld,%s@ha\n\tlwz\t%s%ld,%s@l(%s%ld)\n",
      |                            ~~^
      |                              |
      |                              long int
      |                            %d
 8198 |         PPCRegPrefix, basereg, BaseName, PPCRegPrefix, basereg, BaseName,
      |                       ~~~~~~~ 
      |                       |
      |                       int32 {aka int}
fd2pragma.c:8197:50: warning: format ‘%ld’ expects argument of type ‘long int’, but argument 6 has type ‘int32’ {aka ‘int’} [-Wformat=]
 8197 |         DoOutput("\tlis\t%s%ld,%s@ha\n\tlwz\t%s%ld,%s@l(%s%ld)\n",
      |                                                ~~^
      |                                                  |
      |                                                  long int
      |                                                %d
 8198 |         PPCRegPrefix, basereg, BaseName, PPCRegPrefix, basereg, BaseName,
      |                                                        ~~~~~~~
      |                                                        |
      |                                                        int32 {aka int}
fd2pragma.c:8197:61: warning: format ‘%ld’ expects argument of type ‘long int’, but argument 9 has type ‘int32’ {aka ‘int’} [-Wformat=]
 8197 |         DoOutput("\tlis\t%s%ld,%s@ha\n\tlwz\t%s%ld,%s@l(%s%ld)\n",
      |                                                           ~~^
      |                                                             |
      |                                                             long int
      |                                                           %d
 8198 |         PPCRegPrefix, basereg, BaseName, PPCRegPrefix, basereg, BaseName,
 8199 |         PPCRegPrefix, basereg);
      |                       ~~~~~~~                                
      |                       |
      |                       int32 {aka int}
fd2pragma.c:8214:34: warning: format ‘%ld’ expects argument of type ‘long int’, but argument 3 has type ‘int’ [-Wformat=]
 8214 |             DoOutput("\tstw\t%s%ld,", PPCRegPrefix, i+3);
      |                                ~~^                  ~~~
      |                                  |                   |
      |                                  long int            int
      |                                %d
fd2pragma.c:8216:37: warning: format ‘%ld’ expects argument of type ‘long int’, but argument 3 has type ‘int’ [-Wformat=]
 8216 |             DoOutput("\tlwz\t%s11,%ld(%s1)\n\tstw\t%s11,", PPCRegPrefix,
      |                                   ~~^
      |                                     |
      |                                     long int
      |                                   %d
 8217 |             stcksize+(i+2-8)*4, PPCRegPrefix, PPCRegPrefix);
      |             ~~~~~~~~~~~~~~~~~~       
      |                     |
      |                     int
fd2pragma.c:8220:39: warning: format ‘%ld’ expects argument of type ‘long int’, but argument 4 has type ‘int’ [-Wformat=]
 8220 |           DoOutput("\taddi\t%s4,%s1,%ld\n\tstw\t%s4,", PPCRegPrefix,
      |                                     ~~^
      |                                       |
      |                                       long int
      |                                     %d
 8221 |           PPCRegPrefix, stcksize+8+(ap->NumArgs > 8 ? (ap->NumArgs-8)*4 : 0),
      |                         ~~~~~~~~~~~~~~~~~~~~~~~~~~~~~~~~~~~~~~~~~~~~~~~~~~~~
      |                                   |
      |                                   int
fd2pragma.c:8242:31: warning: format ‘%ld’ expects argument of type ‘long int’, but argument 3 has type ‘int32’ {aka ‘int’} [-Wformat=]
 8242 |       DoOutput("\tlwz\t%s11,%ld(%s1)\n\tstw\t%s11,%ld(%s1)\n",
      |                             ~~^
      |                               |
      |                               long int
      |                             %d
 8243 |       PPCRegPrefix, stcksize, PPCRegPrefix, PPCRegPrefix,
      |                     ~~~~~~~~   
      |                     |
      |                     int32 {aka int}
fd2pragma.c:8242:53: warning: format ‘%ld’ expects argument of type ‘long int’, but argument 6 has type ‘int’ [-Wformat=]
 8242 |       DoOutput("\tlwz\t%s11,%ld(%s1)\n\tstw\t%s11,%ld(%s1)\n",
      |                                                   ~~^
      |                                                     |
      |                                                     long int
      |                                                   %d
 8243 |       PPCRegPrefix, stcksize, PPCRegPrefix, PPCRegPrefix,
 8244 |       stcksize+nrcopyar*4,PPCRegPrefix);
      |       ~~~~~~~~~~~~~~~~~~~                            
      |               |
      |               int
fd2pragma.c:8253:23: warning: format ‘%ld’ expects argument of type ‘long int’, but argument 3 has type ‘int’ [-Wformat=]
 8253 |         "\tlwz\t%s0,%ld(%s1)\n"
      |                     ~~^
      |                       |
      |                       long int
      |                     %d
......
 8256 |         PPCRegPrefix,stcksize+4,PPCRegPrefix,PPCRegPrefix,PPCRegPrefix,
      |                      ~~~~~~~~~~
      |                              |
      |                              int
fd2pragma.c:8253:9: warning: format ‘%ld’ expects argument of type ‘long int’, but argument 7 has type ‘int32’ {aka ‘int’} [-Wformat=]
 8253 |         "\tlwz\t%s0,%ld(%s1)\n"
      |         ^~~~~~~~~~~~~~~~~~~~~~~
......
 8257 |         stcksize,PPCRegPrefix);
      |         ~~~~~~~~
      |         |
      |         int32 {aka int}
fd2pragma.c:8254:28: note: format string is defined here
 8254 |         "\taddi\t%s1,%s1,%ld\n"
      |                          ~~^
      |                            |
      |                            long int
      |                          %d
fd2pragma.c:8270:30: warning: format ‘%ld’ expects argument of type ‘long int’, but argument 3 has type ‘int’ [-Wformat=]
 8270 |       DoOutput("\tlwz\t%s0,%ld(%s1)\n"
      |                            ~~^
      |                              |
      |                              long int
      |                            %d
......
 8273 |       PPCRegPrefix, stcksize+4, PPCRegPrefix, PPCRegPrefix, PPCRegPrefix,
      |                     ~~~~~~~~~~
      |                             |
      |                             int
fd2pragma.c:8270:16: warning: format ‘%ld’ expects argument of type ‘long int’, but argument 7 has type ‘int’ [-Wformat=]
 8270 |       DoOutput("\tlwz\t%s0,%ld(%s1)\n"
      |                ^~~~~~~~~~~~~~~~~~~~~~~
......
 8274 |       stcksize+nrcopyar*4, PPCRegPrefix);
      |       ~~~~~~~~~~~~~~~~~~~
      |               |
      |               int
fd2pragma.c:8271:33: note: format string is defined here
 8271 |              "\taddi\t%s1,%s1,%ld\n"
      |                               ~~^
      |                                 |
      |                                 long int
      |                               %d
fd2pragma.c: In function ‘FuncVBCCMorphCode’:
fd2pragma.c:8660:3: warning: format not a string literal and no format arguments [-Wformat-security]
 8660 |   sprintf((strptr)data+i, name); while(data[i++]) ; /* get next store space */
      |   ^~~~~~~
fd2pragma.c:8670:5: warning: format not a string literal and no format arguments [-Wformat-security]
 8670 |     sprintf((strptr)data+i, BaseName); while(data[i++]) ; /* get next store space */
      |     ^~~~~~~
fd2pragma.c:8705:41: warning: format ‘%lu’ expects argument of type ‘long unsigned int’, but argument 3 has type ‘unsigned int’ [-Wformat=]
 8705 |   arh->ar_time[sprintf(arh->ar_time, "%lu", (uint32) time(0))] = ' ';
      |                                       ~~^   ~~~~~~~~~~~~~~~~
      |                                         |   |
      |                                         |   unsigned int
      |                                         long unsigned int
      |                                       %u
fd2pragma.c:8714:46: warning: format ‘%ld’ expects argument of type ‘long int’, but argument 3 has type ‘int32’ {aka ‘int’} [-Wformat=]
 8714 |     arh->ar_name[sprintf(arh->ar_name, "#1/%ld", k)] = ' ';
      |                                            ~~^   ~
      |                                              |   |
      |                                              |   int32 {aka int}
      |                                              long int
      |                                            %d
fd2pragma.c: In function ‘FuncSFD’:
fd2pragma.c:8911:27: warning: format ‘%ld’ expects argument of type ‘long int’, but argument 2 has type ‘int’ [-Wformat=]
 8911 |     DoOutput("==reserve %ld\n", ((ap->Bias-LastBias)/BIAS_OFFSET)-1);
      |                         ~~^     ~~~~~~~~~~~~~~~~~~~~~~~~~~~~~~~~~~~
      |                           |                                      |
      |                           long int                               int
      |                         %d
fd2pragma.c: In function ‘FuncOS4PPC’:
fd2pragma.c:9032:44: warning: format ‘%ld’ expects argument of type ‘long int’, but argument 3 has type ‘int32’ {aka ‘int’} [-Wformat=]
 9032 |         DoOutput("  ULONG save_%s = regs[%ld];\n", RegNames[i], i);
      |                                          ~~^                    ~
      |                                            |                    |
      |                                            long int             int32 {aka int}
      |                                          %d
fd2pragma.c:9054:28: warning: format ‘%ld’ expects argument of type ‘long int’, but argument 2 has type ‘int32’ {aka ‘int’} [-Wformat=]
 9054 |         DoOutput("  regs[%ld] = save_%s;\n", i, RegNames[i]);
      |                          ~~^                 ~
      |                            |                 |
      |                            long int          int32 {aka int}
      |                          %d
fd2pragma.c: In function ‘FuncXML’:
fd2pragma.c:9255:44: warning: format ‘%ld’ expects argument of type ‘long int’, but argument 2 has type ‘int32’ {aka ‘int’} [-Wformat=]
 9255 |     DoOutput("\t\t<method name=\"Reserved%ld\" result=\"void\""
      |                                          ~~^
      |                                            |
      |                                            long int
      |                                          %d
 9256 |     " status=\"unimplemented\"/>\n", LastBias);
      |                                      ~~~~~~~~
      |                                      |
      |                                      int32 {aka int}
fd2pragma.c: In function ‘CopyCPPType’:
fd2pragma.c:10253:28: warning: format ‘%lu’ expects argument of type ‘long unsigned int’, but argument 3 has type ‘unsigned int’ [-Wformat=]
10253 |       sprintf(buffer, "%02lu", (uint32) nt->StructureLength); buffer += 2;
      |                        ~~~~^   ~~~~~~~~~~~~~~~~~~~~~~~~~~~~
      |                            |   |
      |                            |   unsigned int
      |                            long unsigned int
      |                        %02u
fd2pragma.c: In function ‘CreateSFD’:
fd2pragma.c:11338:22: warning: format ‘%ld’ expects argument of type ‘long int’, but argument 2 has type ‘int’ [-Wformat=]
11338 |   DoOutput("==bias %ld\n==public\n", LastBias+BIAS_OFFSET);
      |                    ~~^
      |                      |
      |                      long int
      |                    %d
fd2pragma.c: In function ‘CreateGenAuto’:
fd2pragma.c:11452:19: warning: format ‘%ld’ expects argument of type ‘long int’, but argument 5 has type ‘uint32’ {aka ‘unsigned int’} [-Wformat=]
11452 |     if(!(DoOutput("#include <exec/libraries.h>\n#include <proto/exec.h>\n\n"
      |                   ^~~~~~~~~~~~~~~~~~~~~~~~~~~~~~~~~~~~~~~~~~~~~~~~~~~~~~~~~~
......
11457 |     priority, BaseName, BaseName, !strcmp("struct Library *", btype) ? "" : "(struct Library *) ", name, BaseName,
      |     ~~~~~~~~       
      |     |
      |     uint32 {aka unsigned int}
fd2pragma.c:11454:19: note: format string is defined here
11454 |     "void _INIT_%ld_%s(void)\n{\n  if(!(%s = %sOpenLibrary(\"%s\", _%sVer)))\n    exit(20);\n}\n\n"
      |                 ~~^
      |                   |
      |                   long int
      |                 %d
fd2pragma.c:11452:19: warning: format ‘%ld’ expects argument of type ‘long int’, but argument 11 has type ‘uint32’ {aka ‘unsigned int’} [-Wformat=]
11452 |     if(!(DoOutput("#include <exec/libraries.h>\n#include <proto/exec.h>\n\n"
      |                   ^~~~~~~~~~~~~~~~~~~~~~~~~~~~~~~~~~~~~~~~~~~~~~~~~~~~~~~~~~
......
11458 |     priority, BaseName, BaseName, !strcmp("struct Library *", btype) ? "" : "(struct Library *) ", BaseName)))
      |     ~~~~~~~~       
      |     |
      |     uint32 {aka unsigned int}
fd2pragma.c:11455:19: note: format string is defined here
11455 |     "void _EXIT_%ld_%s(void)\n{\n  if(%s)\n    CloseLibrary(%s%s);\n}\n",
      |                 ~~^
      |                   |
      |                   long int
      |                 %d
fd2pragma.c: In function ‘MakeFD’:
fd2pragma.c:12103:34: warning: format ‘%ld’ expects argument of type ‘long int’, but argument 3 has type ‘uint32’ {aka ‘unsigned int’} [-Wformat=]
12103 |   DoOutput("##base _%s\n##bias %ld\n##public\n", pl->Basename, bias);
      |                                ~~^                             ~~~~
      |                                  |                             |
      |                                  long int                      uint32 {aka unsigned int}
      |                                %d
fd2pragma.c:12110:26: warning: format ‘%ld’ expects argument of type ‘long int’, but argument 2 has type ‘uint32’ {aka ‘unsigned int’} [-Wformat=]
12110 |       DoOutput("##bias %ld\n", (bias = pd->Bias));
      |                        ~~^     ~~~~~~~~~~~~~~~~~
      |                          |           |
      |                          long int    uint32 {aka unsigned int}
      |                        %d
fd2pragma.c:12128:26: warning: format ‘%ld’ expects argument of type ‘long int’, but argument 2 has type ‘uint32’ {aka ‘unsigned int’} [-Wformat=]
12128 |           DoOutput("par%ld,",i+1);
      |                        ~~^   ~~~
      |                          |    |
      |                          |    uint32 {aka unsigned int}
      |                          long int
      |                        %d
fd2pragma.c:12149:28: warning: format ‘%ld’ expects argument of type ‘long int’, but argument 2 has type ‘uint32’ {aka ‘unsigned int’} [-Wformat=]
12149 |         DoOutput("##bias %ld\n", pd->Bias);
      |                          ~~^     ~~~~~~~~
      |                            |       |
      |                            |       uint32 {aka unsigned int}
      |                            long int
      |                          %d
fd2pragma.c: In function ‘main’:
fd2pragma.c:13291:44: warning: format ‘%ld’ expects argument of type ‘long int’, but argument 2 has type ‘int32’ {aka ‘int’} [-Wformat=]
13291 |       printf("You use obsolete data type %ld, better use type 6!\n", args.special);
      |                                          ~~^                         ~~~~~~~~~~~~
      |                                            |                             |
      |                                            long int                      int32 {aka int}
      |                                          %d
fd2pragma.c:13294:54: warning: format ‘%ld’ expects argument of type ‘long int’, but argument 2 has type ‘int32’ {aka ‘int’} [-Wformat=]
13294 |       printf("You use obsolete assembler text type %ld, better use 90 to 99 or "
      |                                                    ~~^
      |                                                      |
      |                                                      long int
      |                                                    %d
13295 |       "link libraries!\n", args.special);
      |                            ~~~~~~~~~~~~               
      |                                |
      |                                int32 {aka int}
fd2pragma.c:13298:45: warning: format ‘%ld’ expects argument of type ‘long int’, but argument 2 has type ‘int32’ {aka ‘int’} [-Wformat=]
13298 |       printf("You use obsolete proto type %ld, better us type 38 or 35!\n", args.special);
      |                                           ~~^                               ~~~~~~~~~~~~
      |                                             |                                   |
      |                                             long int                            int32 {aka int}
      |                                           %d
