Hit:1 http://nl.archive.ubuntu.com/ubuntu jammy InRelease
Hit:2 http://packages.microsoft.com/repos/code stable InRelease
Get:3 http://dk.archive.ubuntu.com/ubuntu xenial InRelease [247 kB]
Get:4 http://security.ubuntu.com/ubuntu jammy-security InRelease [110 kB]
Hit:5 http://nl.archive.ubuntu.com/ubuntu jammy-updates InRelease
Hit:6 http://nl.archive.ubuntu.com/ubuntu jammy-backports InRelease
Err:3 http://dk.archive.ubuntu.com/ubuntu xenial InRelease
  The following signatures couldn't be verified because the public key is not available: NO_PUBKEY 40976EAF437D05B5 NO_PUBKEY 3B4FE6ACC0B21F32
Get:7 http://security.ubuntu.com/ubuntu jammy-security/main amd64 c-n-f Metadata [9.896 B]
Reading package lists...
Reading package lists...
Building dependency tree...
Reading state information...
autoconf is already the newest version (2.71-2).
automake is already the newest version (1:1.16.5-1.3).
bison is already the newest version (2:3.8.2+dfsg-1build1).
build-essential is already the newest version (12.9ubuntu3).
flex is already the newest version (2.6.4-8build2).
gawk is already the newest version (1:5.1.0-1build3).
gettext is already the newest version (0.21-4ubuntu4).
libgmp-dev is already the newest version (2:6.2.1+dfsg-3ubuntu1).
libmpc-dev is already the newest version (1.2.1-2build1).
libmpfr-dev is already the newest version (4.1.0-3build3).
libreadline-dev is already the newest version (8.1.2-1).
m4 is already the newest version (1.4.18-5ubuntu2).
make is already the newest version (4.3-4.1build1).
wget is already the newest version (1.21.2-2ubuntu1).
dejagnu is already the newest version (1.6.2-1ubuntu1).
expect is already the newest version (5.45.4-2build1).
lhasa is already the newest version (0.3.1-4).
rename is already the newest version (1.30-1).
texinfo is already the newest version (6.8-4build1).
git is already the newest version (1:2.34.1-1ubuntu1.9).
libncurses-dev is already the newest version (6.3-2ubuntu0.1).
rsync is already the newest version (3.2.7-0ubuntu0.22.04.2).
subversion is already the newest version (1.14.1-3ubuntu0.22.04.1).
0 upgraded, 0 newly installed, 0 to remove and 26 not upgraded.
