Hit:1 http://nl.archive.ubuntu.com/ubuntu noble InRelease
Hit:2 http://security.ubuntu.com/ubuntu noble-security InRelease
Hit:3 http://nl.archive.ubuntu.com/ubuntu noble-updates InRelease
Hit:4 http://nl.archive.ubuntu.com/ubuntu noble-backports InRelease
Reading package lists...
Building dependency tree...
Reading state information...
11 packages can be upgraded. Run 'apt list --upgradable' to see them.
Reading package lists...
Building dependency tree...
Reading state information...
build-essential is already the newest version (12.10ubuntu1).
gawk is already the newest version (1:5.2.1-2build3).
flex is already the newest version (2.6.4-8.2build1).
bison is already the newest version (2:3.8.2+dfsg-1build2).
expect is already the newest version (5.45.4-3).
dejagnu is already the newest version (1.6.3-1).
texinfo is already the newest version (7.1-3build2).
lhasa is already the newest version (0.4.0-1build1).
git is already the newest version (1:2.43.0-1ubuntu7.1).
subversion is already the newest version (1.14.3-1build4).
make is already the newest version (4.3-4.1build2).
wget is already the newest version (1.21.4-1ubuntu4.1).
libgmp-dev is already the newest version (2:6.3.0+dfsg-2ubuntu6).
libmpfr-dev is already the newest version (4.2.1-1build1).
libmpc-dev is already the newest version (1.3.1-1build1).
gettext is already the newest version (0.21-14ubuntu2).
libncurses-dev is already the newest version (6.4+20240113-1ubuntu2).
autoconf is already the newest version (2.71-3).
rsync is already the newest version (3.2.7-1ubuntu1).
libreadline-dev is already the newest version (8.2-4build1).
0 upgraded, 0 newly installed, 0 to remove and 11 not upgraded.
